<?xml version="1.0" encoding="UTF-8"?>
<!-- Generated by org.testng.reporters.JUnitXMLReporter -->
<<<<<<< HEAD
<testsuite hostname="LAPTOP-MC2FHNDC" ignored="0" name="Default test" tests="12" failures="1" timestamp="2021-01-19T12:50:27 EST" time="195.598" errors="0">
  <testcase name="BaggageLink" time="5.89" classname="tests.DilmuRodAndKaterina"/>
  <testcase name="advancedSearchOption" time="3.424" classname="tests.DilmuRodAndKaterina"/>
  <testcase name="calendarBookingPage" time="3.349" classname="tests.DilmuRodAndKaterina"/>
  <testcase name="checkFunctions" time="7.609" classname="tests.DilmuRodAndKaterina"/>
  <testcase name="errorMsgBookingPage" time="1.96" classname="tests.DilmuRodAndKaterina"/>
  <testcase name="extraInfoOption" time="6.203" classname="tests.DilmuRodAndKaterina"/>
  <testcase name="faresOption" time="13.185" classname="tests.DilmuRodAndKaterina"/>
  <testcase name="nonStopOption" time="10.654" classname="tests.DilmuRodAndKaterina"/>
  <testcase name="sameCityOption" time="2.68" classname="tests.DilmuRodAndKaterina"/>
  <testcase name="searchResultsBookingPage" time="5.715" classname="tests.DilmuRodAndKaterina"/>
  <testcase name="vacationLink" time="5.445" classname="tests.DilmuRodAndKaterina"/>
  <testcase name="verifyShoppingLinks" time="0.134" classname="tests.DilmuRodAndKaterina">
    <failure type="java.lang.AssertionError" message="lists don&amp;apos;t have the same size expected [5] but found [3]">
      <![CDATA[java.lang.AssertionError: lists don't have the same size expected [5] but found [3]
at org.testng.Assert.fail(Assert.java:99)
at org.testng.Assert.failNotEquals(Assert.java:1037)
at org.testng.Assert.assertEqualsImpl(Assert.java:140)
at org.testng.Assert.assertEquals(Assert.java:122)
at org.testng.Assert.assertEquals(Assert.java:907)
at org.testng.Assert.assertEquals(Assert.java:1089)
at org.testng.Assert.assertEquals(Assert.java:1065)
at tests.DilmuRodAndKaterina.verifyShoppingLinks(DilmuRodAndKaterina.java:322)
at sun.reflect.NativeMethodAccessorImpl.invoke0(Native Method)
at sun.reflect.NativeMethodAccessorImpl.invoke(Unknown Source)
at sun.reflect.DelegatingMethodAccessorImpl.invoke(Unknown Source)
at java.lang.reflect.Method.invoke(Unknown Source)
at org.testng.internal.MethodInvocationHelper.invokeMethod(MethodInvocationHelper.java:132)
at org.testng.internal.TestInvoker.invokeMethod(TestInvoker.java:599)
at org.testng.internal.TestInvoker.invokeTestMethod(TestInvoker.java:174)
at org.testng.internal.MethodRunner.runInSequence(MethodRunner.java:46)
at org.testng.internal.TestInvoker$MethodInvocationAgent.invoke(TestInvoker.java:822)
at org.testng.internal.TestInvoker.invokeTestMethods(TestInvoker.java:147)
at org.testng.internal.TestMethodWorker.invokeTestMethods(TestMethodWorker.java:146)
at org.testng.internal.TestMethodWorker.run(TestMethodWorker.java:128)
at java.util.ArrayList.forEach(Unknown Source)
at org.testng.TestRunner.privateRun(TestRunner.java:764)
at org.testng.TestRunner.run(TestRunner.java:585)
at org.testng.SuiteRunner.runTest(SuiteRunner.java:384)
at org.testng.SuiteRunner.runSequentially(SuiteRunner.java:378)
at org.testng.SuiteRunner.privateRun(SuiteRunner.java:337)
at org.testng.SuiteRunner.run(SuiteRunner.java:286)
at org.testng.SuiteRunnerWorker.runSuite(SuiteRunnerWorker.java:53)
at org.testng.SuiteRunnerWorker.run(SuiteRunnerWorker.java:96)
at org.testng.TestNG.runSuitesSequentially(TestNG.java:1218)
at org.testng.TestNG.runSuitesLocally(TestNG.java:1140)
at org.testng.TestNG.runSuites(TestNG.java:1069)
at org.testng.TestNG.run(TestNG.java:1037)
at org.testng.remote.AbstractRemoteTestNG.run(AbstractRemoteTestNG.java:115)
at org.testng.remote.RemoteTestNG.initAndRun(RemoteTestNG.java:251)
at org.testng.remote.RemoteTestNG.main(RemoteTestNG.java:77)
]]>
    </failure>
  </testcase> <!-- verifyShoppingLinks -->
=======
<testsuite hostname="DESKTOP-DJATTJ7" ignored="11" name="Default test" tests="1" failures="0" timestamp="2021-01-19T23:16:13 EST" time="25.18" errors="0">
  <testcase name="nonStopOption" time="12.796" classname="tests.DilmuRodAndKaterina"/>
  <testcase name="faresOption" time="0.0" classname="tests.DilmuRodAndKaterina">
    <ignored/>
  </testcase> <!-- faresOption -->
  <testcase name="BaggageLink" time="0.0" classname="tests.DilmuRodAndKaterina">
    <ignored/>
  </testcase> <!-- BaggageLink -->
  <testcase name="vacationLink" time="0.0" classname="tests.DilmuRodAndKaterina">
    <ignored/>
  </testcase> <!-- vacationLink -->
  <testcase name="advancedSearchOption" time="0.0" classname="tests.DilmuRodAndKaterina">
    <ignored/>
  </testcase> <!-- advancedSearchOption -->
  <testcase name="verifyShoppingLinks" time="0.0" classname="tests.DilmuRodAndKaterina">
    <ignored/>
  </testcase> <!-- verifyShoppingLinks -->
  <testcase name="calendarBookingPage" time="0.0" classname="tests.DilmuRodAndKaterina">
    <ignored/>
  </testcase> <!-- calendarBookingPage -->
  <testcase name="errorMsgBookingPage" time="0.0" classname="tests.DilmuRodAndKaterina">
    <ignored/>
  </testcase> <!-- errorMsgBookingPage -->
  <testcase name="extraInfoOption" time="0.0" classname="tests.DilmuRodAndKaterina">
    <ignored/>
  </testcase> <!-- extraInfoOption -->
  <testcase name="sameCityOption" time="0.0" classname="tests.DilmuRodAndKaterina">
    <ignored/>
  </testcase> <!-- sameCityOption -->
  <testcase name="searchResultsBookingPage" time="0.0" classname="tests.DilmuRodAndKaterina">
    <ignored/>
  </testcase> <!-- searchResultsBookingPage -->
  <testcase name="checkFunctions" time="0.0" classname="tests.DilmuRodAndKaterina">
    <ignored/>
  </testcase> <!-- checkFunctions -->
>>>>>>> 21dd2dea68ee3b75e1c244225d5f9f9af6c9d4df
</testsuite> <!-- Default test -->
