<!DOCTYPE html>

<html>
  <head>
  <meta charset='utf-8'>
  <title>TestNG reports</title>

    <link type="text/css" href="testng-reports1.css" rel="stylesheet" id="ultra" />
    <link type="text/css" href="testng-reports.css" rel="stylesheet" id="retro" disabled="false"/>
    <script type="text/javascript" src="jquery-3.4.1.min.js"></script>
    <script type="text/javascript" src="testng-reports.js"></script>
    <script type="text/javascript" src="https://www.google.com/jsapi"></script>
    <script type='text/javascript'>
      google.load('visualization', '1', {packages:['table']});
      google.setOnLoadCallback(drawTable);
      var suiteTableInitFunctions = new Array();
      var suiteTableData = new Array();
    </script>
    <!--
      <script type="text/javascript" src="jquery-ui/js/jquery-ui-1.8.16.custom.min.js"></script>
     -->
  </head>

  <body>
    <div class="top-banner-root">
      <span class="top-banner-title-font">Test results</span>
      <button class="button" id="button">Switch Retro Theme</button> <!-- button -->
      <br/>
      <span class="top-banner-font-1">2 suites, 8 failed tests</span>
    </div> <!-- top-banner-root -->
    <div class="navigator-root">
      <div class="navigator-suite-header">
        <span>All suites</span>
        <a href="#" class="collapse-all-link" title="Collapse/expand all the suites">
          <img class="collapse-all-icon" src="collapseall.gif">
          </img> <!-- collapse-all-icon -->
        </a> <!-- collapse-all-link -->
      </div> <!-- navigator-suite-header -->
      <div class="suite">
        <div class="rounded-window">
          <div class="suite-header light-rounded-window-top">
            <a href="#" class="navigator-link" panel-name="suite-Running_multiple_classes">
              <span class="suite-name border-failed">Running multiple classes</span>
            </a> <!-- navigator-link -->
          </div> <!-- suite-header light-rounded-window-top -->
          <div class="navigator-suite-content">
            <div class="suite-section-title">
              <span>Info</span>
            </div> <!-- suite-section-title -->
            <div class="suite-section-content">
              <ul>
                <li>
                  <a href="#" class="navigator-link " panel-name="test-xml-Running_multiple_classes">
                    <span>C:\Users\eesha\git\AutomationProject-Framework-group-B\AutomationProject1\regression_test.xml</span>
                  </a> <!-- navigator-link  -->
                </li>
                <li>
                  <a href="#" class="navigator-link " panel-name="testlist-Running_multiple_classes">
                    <span class="test-stats">1 test</span>
                  </a> <!-- navigator-link  -->
                </li>
                <li>
                  <a href="#" class="navigator-link " panel-name="group-Running_multiple_classes">
                    <span>1 group</span>
                  </a> <!-- navigator-link  -->
                </li>
                <li>
                  <a href="#" class="navigator-link " panel-name="times-Running_multiple_classes">
                    <span>Times</span>
                  </a> <!-- navigator-link  -->
                </li>
                <li>
                  <a href="#" class="navigator-link " panel-name="reporter-Running_multiple_classes">
                    <span>Reporter output</span>
                  </a> <!-- navigator-link  -->
                </li>
                <li>
                  <a href="#" class="navigator-link " panel-name="ignored-methods-Running_multiple_classes">
                    <span>Ignored methods</span>
                  </a> <!-- navigator-link  -->
                </li>
                <li>
                  <a href="#" class="navigator-link " panel-name="chronological-Running_multiple_classes">
                    <span>Chronological view</span>
                  </a> <!-- navigator-link  -->
                </li>
              </ul>
            </div> <!-- suite-section-content -->
            <div class="result-section">
              <div class="suite-section-title">
                <span>Results</span>
              </div> <!-- suite-section-title -->
              <div class="suite-section-content">
                <ul>
                  <li>
                    <span class="method-stats">29 methods, 8 failed,   21 passed</span>
                  </li>
                  <li>
                    <span class="method-list-title failed">Failed methods</span>
                    <span class="show-or-hide-methods failed">
                      <a href="#" panel-name="suite-Running_multiple_classes" class="hide-methods failed suite-Running_multiple_classes"> (hide)</a> <!-- hide-methods failed suite-Running_multiple_classes -->
                      <a href="#" panel-name="suite-Running_multiple_classes" class="show-methods failed suite-Running_multiple_classes"> (show)</a> <!-- show-methods failed suite-Running_multiple_classes -->
                    </span>
                    <div class="method-list-content failed suite-Running_multiple_classes">
                      <span>
                        <img width="3%" src="failed.png"/>
                        <a href="#" class="method navigator-link" panel-name="suite-Running_multiple_classes" title="tests.KaterinaSprint2" hash-for-method="modifyResultPage">modifyResultPage</a> <!-- method navigator-link -->
                      </span>
                      <br/>
                      <span>
                        <img width="3%" src="failed.png"/>
                        <a href="#" class="method navigator-link" panel-name="suite-Running_multiple_classes" title="tests.KaterinaSprint2" hash-for-method="priceSliderResultsPage">priceSliderResultsPage</a> <!-- method navigator-link -->
                      </span>
                      <br/>
                      <span>
                        <img width="3%" src="failed.png"/>
                        <a href="#" class="method navigator-link" panel-name="suite-Running_multiple_classes" title="tests.KaterinaSprint2" hash-for-method="productExpResultsPage">productExpResultsPage</a> <!-- method navigator-link -->
                      </span>
                      <br/>
                      <span>
                        <img width="3%" src="failed.png"/>
                        <a href="#" class="method navigator-link" panel-name="suite-Running_multiple_classes" title="tests.DilmuRodSprint2" hash-for-method="randomNumberOfPassengers">randomNumberOfPassengers</a> <!-- method navigator-link -->
                      </span>
                      <br/>
                      <span>
                        <img width="3%" src="failed.png"/>
                        <a href="#" class="method navigator-link" panel-name="suite-Running_multiple_classes" title="tests.KatyaSprint2" hash-for-method="test4WebsiteFooter">test4WebsiteFooter</a> <!-- method navigator-link -->
                      </span>
                      <br/>
                      <span>
                        <img width="3%" src="failed.png"/>
                        <a href="#" class="method navigator-link" panel-name="suite-Running_multiple_classes" title="tests.KatyaSprint2" hash-for-method="test5WebsiteFooter">test5WebsiteFooter</a> <!-- method navigator-link -->
                      </span>
                      <br/>
                      <span>
                        <img width="3%" src="failed.png"/>
                        <a href="#" class="method navigator-link" panel-name="suite-Running_multiple_classes" title="tests.KatyaSprint2" hash-for-method="test8WebsiteFooter">test8WebsiteFooter</a> <!-- method navigator-link -->
                      </span>
                      <br/>
                      <span>
                        <img width="3%" src="failed.png"/>
                        <a href="#" class="method navigator-link" panel-name="suite-Running_multiple_classes" title="tests.DilmuRodSprint2" hash-for-method="verifyThreeDifferentSearchResul(ATL, MIA, March, 1 , March, May, 15 , May)">verifyThreeDifferentSearchResul(ATL, MIA, March, 1 , March, May, 15 , May)</a> <!-- method navigator-link -->
                      </span>
                      <br/>
                    </div> <!-- method-list-content failed suite-Running_multiple_classes -->
                  </li>
                  <li>
                    <span class="method-list-title passed">Passed methods</span>
                    <span class="show-or-hide-methods passed">
                      <a href="#" panel-name="suite-Running_multiple_classes" class="hide-methods passed suite-Running_multiple_classes"> (hide)</a> <!-- hide-methods passed suite-Running_multiple_classes -->
                      <a href="#" panel-name="suite-Running_multiple_classes" class="show-methods passed suite-Running_multiple_classes"> (show)</a> <!-- show-methods passed suite-Running_multiple_classes -->
                    </span>
                    <div class="method-list-content passed suite-Running_multiple_classes">
                      <span>
                        <img width="3%" src="passed.png"/>
                        <a href="#" class="method navigator-link" panel-name="suite-Running_multiple_classes" title="tests.KaterinaSprint2" hash-for-method="cityFullNameBookingPage(Atlanta, Atlanta, Washington, Washington, Atlanta, Washington)">cityFullNameBookingPage(Atlanta, Atlanta, Washington, Washington, Atlanta, Washington)</a> <!-- method navigator-link -->
                      </span>
                      <br/>
                      <span>
                        <img width="3%" src="passed.png"/>
                        <a href="#" class="method navigator-link" panel-name="suite-Running_multiple_classes" title="tests.KaterinaSprint2" hash-for-method="datesBookingPage(ATL, IAD, February, 1 , February, March, 1 , March)">datesBookingPage(ATL, IAD, February, 1 , February, March, 1 , March)</a> <!-- method navigator-link -->
                      </span>
                      <br/>
                      <span>
                        <img width="3%" src="passed.png"/>
                        <a href="#" class="method navigator-link" panel-name="suite-Running_multiple_classes" title="tests.KaterinaSprint2" hash-for-method="feedbackBookingPage(Awesome!)">feedbackBookingPage(Awesome!)</a> <!-- method navigator-link -->
                      </span>
                      <br/>
                      <span>
                        <img width="3%" src="passed.png"/>
                        <a href="#" class="method navigator-link" panel-name="suite-Running_multiple_classes" title="tests.SanaSprint2" hash-for-method="maxGiftCardAmount">maxGiftCardAmount</a> <!-- method navigator-link -->
                      </span>
                      <br/>
                      <span>
                        <img width="3%" src="passed.png"/>
                        <a href="#" class="method navigator-link" panel-name="suite-Running_multiple_classes" title="tests.SanaSprint2" hash-for-method="minGiftCardAmount">minGiftCardAmount</a> <!-- method navigator-link -->
                      </span>
                      <br/>
                      <span>
                        <img width="3%" src="passed.png"/>
                        <a href="#" class="method navigator-link" panel-name="suite-Running_multiple_classes" title="tests.SanaSprint2" hash-for-method="mismatchEmails">mismatchEmails</a> <!-- method navigator-link -->
                      </span>
                      <br/>
                      <span>
                        <img width="3%" src="passed.png"/>
                        <a href="#" class="method navigator-link" panel-name="suite-Running_multiple_classes" title="tests.DilmuRodSprint2" hash-for-method="multipleCity">multipleCity</a> <!-- method navigator-link -->
                      </span>
                      <br/>
                      <span>
                        <img width="3%" src="passed.png"/>
                        <a href="#" class="method navigator-link" panel-name="suite-Running_multiple_classes" title="tests.SanaSprint2" hash-for-method="negativeCreditCard">negativeCreditCard</a> <!-- method navigator-link -->
                      </span>
                      <br/>
                      <span>
                        <img width="3%" src="passed.png"/>
                        <a href="#" class="method navigator-link" panel-name="suite-Running_multiple_classes" title="tests.SanaSprint2" hash-for-method="nonEngSenderName(Testee, tester007)">nonEngSenderName(Testee, tester007)</a> <!-- method navigator-link -->
                      </span>
                      <br/>
                      <span>
                        <img width="3%" src="passed.png"/>
                        <a href="#" class="method navigator-link" panel-name="suite-Running_multiple_classes" title="tests.SanaSprint2" hash-for-method="nonEngSenderName(Testee, æµ‹è¯•äººå‘˜)">nonEngSenderName(Testee, æµ‹è¯•äººå‘˜)</a> <!-- method navigator-link -->
                      </span>
                      <br/>
                      <span>
                        <img width="3%" src="passed.png"/>
                        <a href="#" class="method navigator-link" panel-name="suite-Running_multiple_classes" title="tests.SanaSprint2" hash-for-method="nonEngSenderName(Testee, Ø§Ø®ØªØ¨Ø§Ø±)">nonEngSenderName(Testee, Ø§Ø®ØªØ¨Ø§Ø±)</a> <!-- method navigator-link -->
                      </span>
                      <br/>
                      <span>
                        <img width="3%" src="passed.png"/>
                        <a href="#" class="method navigator-link" panel-name="suite-Running_multiple_classes" title="tests.SanaSprint2" hash-for-method="nonEngSenderName(Testee, test cihazÄ±)">nonEngSenderName(Testee, test cihazÄ±)</a> <!-- method navigator-link -->
                      </span>
                      <br/>
                      <span>
                        <img width="3%" src="passed.png"/>
                        <a href="#" class="method navigator-link" panel-name="suite-Running_multiple_classes" title="tests.SanaSprint2" hash-for-method="nonEngSenderName(Testee, 000000)">nonEngSenderName(Testee, 000000)</a> <!-- method navigator-link -->
                      </span>
                      <br/>
                      <span>
                        <img width="3%" src="passed.png"/>
                        <a href="#" class="method navigator-link" panel-name="suite-Running_multiple_classes" title="tests.KatyaSprint2" hash-for-method="test1WebsiteFooter">test1WebsiteFooter</a> <!-- method navigator-link -->
                      </span>
                      <br/>
                      <span>
                        <img width="3%" src="passed.png"/>
                        <a href="#" class="method navigator-link" panel-name="suite-Running_multiple_classes" title="tests.KatyaSprint2" hash-for-method="test2WebsiteFooter">test2WebsiteFooter</a> <!-- method navigator-link -->
                      </span>
                      <br/>
                      <span>
                        <img width="3%" src="passed.png"/>
                        <a href="#" class="method navigator-link" panel-name="suite-Running_multiple_classes" title="tests.KatyaSprint2" hash-for-method="test3WebsiteFooter">test3WebsiteFooter</a> <!-- method navigator-link -->
                      </span>
                      <br/>
                      <span>
                        <img width="3%" src="passed.png"/>
                        <a href="#" class="method navigator-link" panel-name="suite-Running_multiple_classes" title="tests.KatyaSprint2" hash-for-method="test6WebsiteFooter">test6WebsiteFooter</a> <!-- method navigator-link -->
                      </span>
                      <br/>
                      <span>
                        <img width="3%" src="passed.png"/>
                        <a href="#" class="method navigator-link" panel-name="suite-Running_multiple_classes" title="tests.KatyaSprint2" hash-for-method="test7WebsiteFooter">test7WebsiteFooter</a> <!-- method navigator-link -->
                      </span>
                      <br/>
                      <span>
                        <img width="3%" src="passed.png"/>
                        <a href="#" class="method navigator-link" panel-name="suite-Running_multiple_classes" title="tests.DilmuRodSprint2" hash-for-method="verifyAllLinksOnBookingPage">verifyAllLinksOnBookingPage</a> <!-- method navigator-link -->
                      </span>
                      <br/>
                      <span>
                        <img width="3%" src="passed.png"/>
                        <a href="#" class="method navigator-link" panel-name="suite-Running_multiple_classes" title="tests.SanaSprint2" hash-for-method="verifyGiftCardLink">verifyGiftCardLink</a> <!-- method navigator-link -->
                      </span>
                      <br/>
                      <span>
                        <img width="3%" src="passed.png"/>
                        <a href="#" class="method navigator-link" panel-name="suite-Running_multiple_classes" title="tests.DilmuRodSprint2" hash-for-method="verifyThreeDifferentSearchResults(ATL, NYC, March, 1 , March, May, 15 , May)">verifyThreeDifferentSearchResults(ATL, NYC, March, 1 , March, May, 15 , May)</a> <!-- method navigator-link -->
                      </span>
                      <br/>
                    </div> <!-- method-list-content passed suite-Running_multiple_classes -->
                  </li>
                </ul>
              </div> <!-- suite-section-content -->
            </div> <!-- result-section -->
          </div> <!-- navigator-suite-content -->
        </div> <!-- rounded-window -->
      </div> <!-- suite -->
      <div class="suite">
        <div class="rounded-window">
          <div class="suite-header light-rounded-window-top">
            <a href="#" class="navigator-link" panel-name="suite-Failed_suite__Crossbrowser_Tests_">
              <span class="suite-name border-passed">Failed suite [Crossbrowser Tests]</span>
            </a> <!-- navigator-link -->
          </div> <!-- suite-header light-rounded-window-top -->
          <div class="navigator-suite-content">
            <div class="suite-section-title">
              <span>Info</span>
            </div> <!-- suite-section-title -->
            <div class="suite-section-content">
              <ul>
                <li>
                  <a href="#" class="navigator-link " panel-name="test-xml-Failed_suite__Crossbrowser_Tests_">
                    <span>C:\Users\eesha\git\AutomationProject-Framework-group-B\AutomationProject1\test-output\testng-failed.xml</span>
                  </a> <!-- navigator-link  -->
                </li>
                <li>
                  <a href="#" class="navigator-link " panel-name="testlist-Failed_suite__Crossbrowser_Tests_">
                    <span class="test-stats">1 test</span>
                  </a> <!-- navigator-link  -->
                </li>
                <li>
                  <a href="#" class="navigator-link " panel-name="group-Failed_suite__Crossbrowser_Tests_">
                    <span>0 groups</span>
                  </a> <!-- navigator-link  -->
                </li>
                <li>
                  <a href="#" class="navigator-link " panel-name="times-Failed_suite__Crossbrowser_Tests_">
                    <span>Times</span>
                  </a> <!-- navigator-link  -->
                </li>
                <li>
                  <a href="#" class="navigator-link " panel-name="reporter-Failed_suite__Crossbrowser_Tests_">
                    <span>Reporter output</span>
                  </a> <!-- navigator-link  -->
                </li>
                <li>
                  <a href="#" class="navigator-link " panel-name="ignored-methods-Failed_suite__Crossbrowser_Tests_">
                    <span>Ignored methods</span>
                  </a> <!-- navigator-link  -->
                </li>
                <li>
                  <a href="#" class="navigator-link " panel-name="chronological-Failed_suite__Crossbrowser_Tests_">
                    <span>Chronological view</span>
                  </a> <!-- navigator-link  -->
                </li>
              </ul>
            </div> <!-- suite-section-content -->
            <div class="result-section">
              <div class="suite-section-title">
                <span>Results</span>
              </div> <!-- suite-section-title -->
              <div class="suite-section-content">
                <ul>
                  <li>
                    <span class="method-stats">1 method,   1 passed</span>
                  </li>
                  <li>
                    <span class="method-list-title passed">Passed methods</span>
                    <span class="show-or-hide-methods passed">
                      <a href="#" panel-name="suite-Failed_suite__Crossbrowser_Tests_" class="hide-methods passed suite-Failed_suite__Crossbrowser_Tests_"> (hide)</a> <!-- hide-methods passed suite-Failed_suite__Crossbrowser_Tests_ -->
                      <a href="#" panel-name="suite-Failed_suite__Crossbrowser_Tests_" class="show-methods passed suite-Failed_suite__Crossbrowser_Tests_"> (show)</a> <!-- show-methods passed suite-Failed_suite__Crossbrowser_Tests_ -->
                    </span>
                    <div class="method-list-content passed suite-Failed_suite__Crossbrowser_Tests_">
                      <span>
                        <img width="3%" src="passed.png"/>
                        <a href="#" class="method navigator-link" panel-name="suite-Failed_suite__Crossbrowser_Tests_" title="tests.KaterinaSprint2" hash-for-method="datesBookingPage(ATL, IAD, February, 1 , February, March, 1 , March)">datesBookingPage(ATL, IAD, February, 1 , February, March, 1 , March)</a> <!-- method navigator-link -->
                      </span>
                      <br/>
                    </div> <!-- method-list-content passed suite-Failed_suite__Crossbrowser_Tests_ -->
                  </li>
                </ul>
              </div> <!-- suite-section-content -->
            </div> <!-- result-section -->
          </div> <!-- navigator-suite-content -->
        </div> <!-- rounded-window -->
      </div> <!-- suite -->
    </div> <!-- navigator-root -->
    <div class="wrapper">
      <div class="main-panel-root">
        <div panel-name="suite-Running_multiple_classes" class="panel Running_multiple_classes">
          <div class="suite-Running_multiple_classes-class-failed">
            <div class="main-panel-header rounded-window-top">
              <img src="failed.png"/>
              <span class="class-name">tests.KatyaSprint2</span>
            </div> <!-- main-panel-header rounded-window-top -->
            <div class="main-panel-content rounded-window-bottom">
              <div class="method">
                <div class="method-content">
                  <a name="test4WebsiteFooter">
                  </a> <!-- test4WebsiteFooter -->
                  <span class="method-name">test4WebsiteFooter</span>
                  <div class="stack-trace">org.openqa.selenium.ElementClickInterceptedException: element click intercepted: Element &lt;a class=&quot;footernav-about-us&quot; href=&quot;/us/en/about-delta/overview&quot; target=&quot;&quot;&gt;...&lt;/a&gt; is not clickable at point (316, 647). Other element would receive the click: &lt;div class=&quot;cookie-footer cookie-footer-container text-left ng-star-inserted&quot;&gt;...&lt;/div&gt;
  (Session info: chrome=87.0.4280.141)
Build info: version: &apos;3.141.59&apos;, revision: &apos;e82be7d358&apos;, time: &apos;2018-11-14T08:17:03&apos;
System info: host: &apos;LAPTOP-MC2FHNDC&apos;, ip: &apos;192.168.1.102&apos;, os.name: &apos;Windows 10&apos;, os.arch: &apos;amd64&apos;, os.version: &apos;10.0&apos;, java.version: &apos;1.8.0_261&apos;
Driver info: org.openqa.selenium.chrome.ChromeDriver
Capabilities {acceptInsecureCerts: false, browserName: chrome, browserVersion: 87.0.4280.141, chrome: {chromedriverVersion: 87.0.4280.88 (89e2380a3e36c..., userDataDir: C:\Users\eesha\AppData\Loca...}, goog:chromeOptions: {debuggerAddress: localhost:58291}, javascriptEnabled: true, networkConnectionEnabled: false, pageLoadStrategy: normal, platform: WINDOWS, platformName: WINDOWS, proxy: Proxy(), setWindowRect: true, strictFileInteractability: false, timeouts: {implicit: 0, pageLoad: 300000, script: 30000}, unhandledPromptBehavior: dismiss and notify, webauthn:virtualAuthenticators: true}
Session ID: 077bca0a83f76699cd25b07f756f4364
	at org.openqa.selenium.remote.http.W3CHttpResponseCodec.createException(W3CHttpResponseCodec.java:187)
	at org.openqa.selenium.remote.http.W3CHttpResponseCodec.decode(W3CHttpResponseCodec.java:122)
	at org.openqa.selenium.remote.http.W3CHttpResponseCodec.decode(W3CHttpResponseCodec.java:49)
	at org.openqa.selenium.remote.HttpCommandExecutor.execute(HttpCommandExecutor.java:158)
	at org.openqa.selenium.remote.service.DriverCommandExecutor.execute(DriverCommandExecutor.java:83)
	at org.openqa.selenium.remote.RemoteWebDriver.execute(RemoteWebDriver.java:552)
	at org.openqa.selenium.remote.RemoteWebElement.execute(RemoteWebElement.java:285)
	at org.openqa.selenium.remote.RemoteWebElement.click(RemoteWebElement.java:84)
	at org.openqa.selenium.support.pagefactory.internal.LocatingElementHandler.invoke(LocatingElementHandler.java:51)
	at com.sun.proxy.$Proxy14.click(Unknown Source)
	at tests.KatyaSprint2.test4WebsiteFooter(KatyaSprint2.java:93)
	at java.util.concurrent.ThreadPoolExecutor.runWorker(ThreadPoolExecutor.java:1149)
	at java.util.concurrent.ThreadPoolExecutor$Worker.run(ThreadPoolExecutor.java:624)
	at java.lang.Thread.run(Thread.java:748)
... Removed 19 stack frames
</div> <!-- stack-trace -->
                </div> <!-- method-content -->
              </div> <!-- method -->
              <div class="method">
                <div class="method-content">
                  <a name="test5WebsiteFooter">
                  </a> <!-- test5WebsiteFooter -->
                  <span class="method-name">test5WebsiteFooter</span>
                  <div class="stack-trace">org.openqa.selenium.ElementClickInterceptedException: element click intercepted: Element &lt;a class=&quot;footernav-careers&quot; href=&quot;/us/en/careers/overview&quot; target=&quot;&quot;&gt;...&lt;/a&gt; is not clickable at point (311, 680). Other element would receive the click: &lt;p class=&quot;mb-0 cookie-banner-content&quot;&gt;...&lt;/p&gt;
  (Session info: chrome=87.0.4280.141)
Build info: version: &apos;3.141.59&apos;, revision: &apos;e82be7d358&apos;, time: &apos;2018-11-14T08:17:03&apos;
System info: host: &apos;LAPTOP-MC2FHNDC&apos;, ip: &apos;192.168.1.102&apos;, os.name: &apos;Windows 10&apos;, os.arch: &apos;amd64&apos;, os.version: &apos;10.0&apos;, java.version: &apos;1.8.0_261&apos;
Driver info: org.openqa.selenium.chrome.ChromeDriver
Capabilities {acceptInsecureCerts: false, browserName: chrome, browserVersion: 87.0.4280.141, chrome: {chromedriverVersion: 87.0.4280.88 (89e2380a3e36c..., userDataDir: C:\Users\eesha\AppData\Loca...}, goog:chromeOptions: {debuggerAddress: localhost:58547}, javascriptEnabled: true, networkConnectionEnabled: false, pageLoadStrategy: normal, platform: WINDOWS, platformName: WINDOWS, proxy: Proxy(), setWindowRect: true, strictFileInteractability: false, timeouts: {implicit: 0, pageLoad: 300000, script: 30000}, unhandledPromptBehavior: dismiss and notify, webauthn:virtualAuthenticators: true}
Session ID: 5b68bd4f77e6366aa903a622ffb248bf
	at org.openqa.selenium.remote.http.W3CHttpResponseCodec.createException(W3CHttpResponseCodec.java:187)
	at org.openqa.selenium.remote.http.W3CHttpResponseCodec.decode(W3CHttpResponseCodec.java:122)
	at org.openqa.selenium.remote.http.W3CHttpResponseCodec.decode(W3CHttpResponseCodec.java:49)
	at org.openqa.selenium.remote.HttpCommandExecutor.execute(HttpCommandExecutor.java:158)
	at org.openqa.selenium.remote.service.DriverCommandExecutor.execute(DriverCommandExecutor.java:83)
	at org.openqa.selenium.remote.RemoteWebDriver.execute(RemoteWebDriver.java:552)
	at org.openqa.selenium.remote.RemoteWebElement.execute(RemoteWebElement.java:285)
	at org.openqa.selenium.remote.RemoteWebElement.click(RemoteWebElement.java:84)
	at org.openqa.selenium.support.pagefactory.internal.LocatingElementHandler.invoke(LocatingElementHandler.java:51)
	at com.sun.proxy.$Proxy14.click(Unknown Source)
	at tests.KatyaSprint2.test5WebsiteFooter(KatyaSprint2.java:113)
	at java.util.concurrent.ThreadPoolExecutor.runWorker(ThreadPoolExecutor.java:1149)
	at java.util.concurrent.ThreadPoolExecutor$Worker.run(ThreadPoolExecutor.java:624)
	at java.lang.Thread.run(Thread.java:748)
... Removed 19 stack frames
</div> <!-- stack-trace -->
                </div> <!-- method-content -->
              </div> <!-- method -->
              <div class="method">
                <div class="method-content">
                  <a name="test8WebsiteFooter">
                  </a> <!-- test8WebsiteFooter -->
                  <span class="method-name">test8WebsiteFooter</span>
                  <div class="stack-trace">org.openqa.selenium.ElementClickInterceptedException: element click intercepted: Element &lt;a aria-haspopup=&quot;true&quot; class=&quot;facebook circle-outline picturefill-background ng-star-inserted&quot; href=&quot;javascript:void(0);&quot; id=&quot;footer-facebook&quot; tabindex=&quot;0&quot; style=&quot;background-image: url(&amp;quot;//content.delta.com/content/www/us/en.damAssetRender.20180411T2106219950400.html/content/dam/delta_homepage_redesign/hpr_optimized_images/social_icons/Facebook-icon-LG.svg&amp;quot;); background-size: cover; background-repeat: no-repeat; background-position: 50% 50%;&quot;&gt;...&lt;/a&gt; is not clickable at point (553, 687). Other element would receive the click: &lt;div class=&quot;cookie-footer cookie-footer-container text-left ng-star-inserted&quot;&gt;...&lt;/div&gt;
  (Session info: chrome=87.0.4280.141)
Build info: version: &apos;3.141.59&apos;, revision: &apos;e82be7d358&apos;, time: &apos;2018-11-14T08:17:03&apos;
System info: host: &apos;LAPTOP-MC2FHNDC&apos;, ip: &apos;192.168.1.102&apos;, os.name: &apos;Windows 10&apos;, os.arch: &apos;amd64&apos;, os.version: &apos;10.0&apos;, java.version: &apos;1.8.0_261&apos;
Driver info: org.openqa.selenium.chrome.ChromeDriver
Capabilities {acceptInsecureCerts: false, browserName: chrome, browserVersion: 87.0.4280.141, chrome: {chromedriverVersion: 87.0.4280.88 (89e2380a3e36c..., userDataDir: C:\Users\eesha\AppData\Loca...}, goog:chromeOptions: {debuggerAddress: localhost:59365}, javascriptEnabled: true, networkConnectionEnabled: false, pageLoadStrategy: normal, platform: WINDOWS, platformName: WINDOWS, proxy: Proxy(), setWindowRect: true, strictFileInteractability: false, timeouts: {implicit: 0, pageLoad: 300000, script: 30000}, unhandledPromptBehavior: dismiss and notify, webauthn:virtualAuthenticators: true}
Session ID: 6b09e8195214b4e6a2aa789e994163a2
	at org.openqa.selenium.remote.http.W3CHttpResponseCodec.createException(W3CHttpResponseCodec.java:187)
	at org.openqa.selenium.remote.http.W3CHttpResponseCodec.decode(W3CHttpResponseCodec.java:122)
	at org.openqa.selenium.remote.http.W3CHttpResponseCodec.decode(W3CHttpResponseCodec.java:49)
	at org.openqa.selenium.remote.HttpCommandExecutor.execute(HttpCommandExecutor.java:158)
	at org.openqa.selenium.remote.service.DriverCommandExecutor.execute(DriverCommandExecutor.java:83)
	at org.openqa.selenium.remote.RemoteWebDriver.execute(RemoteWebDriver.java:552)
	at org.openqa.selenium.remote.RemoteWebElement.execute(RemoteWebElement.java:285)
	at org.openqa.selenium.remote.RemoteWebElement.click(RemoteWebElement.java:84)
	at org.openqa.selenium.support.pagefactory.internal.LocatingElementHandler.invoke(LocatingElementHandler.java:51)
	at com.sun.proxy.$Proxy14.click(Unknown Source)
	at tests.KatyaSprint2.test8WebsiteFooter(KatyaSprint2.java:183)
	at java.util.concurrent.ThreadPoolExecutor.runWorker(ThreadPoolExecutor.java:1149)
	at java.util.concurrent.ThreadPoolExecutor$Worker.run(ThreadPoolExecutor.java:624)
	at java.lang.Thread.run(Thread.java:748)
... Removed 19 stack frames
</div> <!-- stack-trace -->
                </div> <!-- method-content -->
              </div> <!-- method -->
            </div> <!-- main-panel-content rounded-window-bottom -->
          </div> <!-- suite-Running_multiple_classes-class-failed -->
          <div class="suite-Running_multiple_classes-class-failed">
            <div class="main-panel-header rounded-window-top">
              <img src="failed.png"/>
              <span class="class-name">tests.KaterinaSprint2</span>
            </div> <!-- main-panel-header rounded-window-top -->
            <div class="main-panel-content rounded-window-bottom">
              <div class="method">
                <div class="method-content">
                  <a name="modifyResultPage">
                  </a> <!-- modifyResultPage -->
                  <span class="method-name">modifyResultPage</span>
                  <div class="stack-trace">org.openqa.selenium.StaleElementReferenceException: stale element reference: element is not attached to the page document
  (Session info: chrome=87.0.4280.141)
For documentation on this error, please visit: https://www.seleniumhq.org/exceptions/stale_element_reference.html
Build info: version: &apos;3.141.59&apos;, revision: &apos;e82be7d358&apos;, time: &apos;2018-11-14T08:17:03&apos;
System info: host: &apos;LAPTOP-MC2FHNDC&apos;, ip: &apos;192.168.1.102&apos;, os.name: &apos;Windows 10&apos;, os.arch: &apos;amd64&apos;, os.version: &apos;10.0&apos;, java.version: &apos;1.8.0_261&apos;
Driver info: org.openqa.selenium.chrome.ChromeDriver
Capabilities {acceptInsecureCerts: false, browserName: chrome, browserVersion: 87.0.4280.141, chrome: {chromedriverVersion: 87.0.4280.88 (89e2380a3e36c..., userDataDir: C:\Users\eesha\AppData\Loca...}, goog:chromeOptions: {debuggerAddress: localhost:58344}, javascriptEnabled: true, networkConnectionEnabled: false, pageLoadStrategy: normal, platform: WINDOWS, platformName: WINDOWS, proxy: Proxy(), setWindowRect: true, strictFileInteractability: false, timeouts: {implicit: 0, pageLoad: 300000, script: 30000}, unhandledPromptBehavior: dismiss and notify, webauthn:virtualAuthenticators: true}
Session ID: 0b022f18c2a5ffaa73fb05f9956feaa7
	at org.openqa.selenium.remote.http.W3CHttpResponseCodec.createException(W3CHttpResponseCodec.java:187)
	at org.openqa.selenium.remote.http.W3CHttpResponseCodec.decode(W3CHttpResponseCodec.java:122)
	at org.openqa.selenium.remote.http.W3CHttpResponseCodec.decode(W3CHttpResponseCodec.java:49)
	at org.openqa.selenium.remote.HttpCommandExecutor.execute(HttpCommandExecutor.java:158)
	at org.openqa.selenium.remote.service.DriverCommandExecutor.execute(DriverCommandExecutor.java:83)
	at org.openqa.selenium.remote.RemoteWebDriver.execute(RemoteWebDriver.java:552)
	at org.openqa.selenium.remote.RemoteWebElement.execute(RemoteWebElement.java:285)
	at org.openqa.selenium.remote.RemoteWebElement.click(RemoteWebElement.java:84)
	at org.openqa.selenium.support.pagefactory.internal.LocatingElementHandler.invoke(LocatingElementHandler.java:51)
	at com.sun.proxy.$Proxy14.click(Unknown Source)
	at tests.KaterinaSprint2.modifyResultPage(KaterinaSprint2.java:225)
	at java.util.concurrent.ThreadPoolExecutor.runWorker(ThreadPoolExecutor.java:1149)
	at java.util.concurrent.ThreadPoolExecutor$Worker.run(ThreadPoolExecutor.java:624)
	at java.lang.Thread.run(Thread.java:748)
... Removed 19 stack frames
</div> <!-- stack-trace -->
                </div> <!-- method-content -->
              </div> <!-- method -->
              <div class="method">
                <div class="method-content">
                  <a name="priceSliderResultsPage">
                  </a> <!-- priceSliderResultsPage -->
                  <span class="method-name">priceSliderResultsPage</span>
                  <div class="stack-trace">org.openqa.selenium.NoSuchElementException: no such element: Unable to locate element: {&quot;method&quot;:&quot;xpath&quot;,&quot;selector&quot;:&quot;//*[@id=&quot;maincontent&quot;]/div[1]/div/div[1]/div[3]/button&quot;}
  (Session info: chrome=87.0.4280.141)
For documentation on this error, please visit: https://www.seleniumhq.org/exceptions/no_such_element.html
Build info: version: &apos;3.141.59&apos;, revision: &apos;e82be7d358&apos;, time: &apos;2018-11-14T08:17:03&apos;
System info: host: &apos;LAPTOP-MC2FHNDC&apos;, ip: &apos;192.168.1.102&apos;, os.name: &apos;Windows 10&apos;, os.arch: &apos;amd64&apos;, os.version: &apos;10.0&apos;, java.version: &apos;1.8.0_261&apos;
Driver info: org.openqa.selenium.chrome.ChromeDriver
Capabilities {acceptInsecureCerts: false, browserName: chrome, browserVersion: 87.0.4280.141, chrome: {chromedriverVersion: 87.0.4280.88 (89e2380a3e36c..., userDataDir: C:\Users\eesha\AppData\Loca...}, goog:chromeOptions: {debuggerAddress: localhost:58896}, javascriptEnabled: true, networkConnectionEnabled: false, pageLoadStrategy: normal, platform: WINDOWS, platformName: WINDOWS, proxy: Proxy(), setWindowRect: true, strictFileInteractability: false, timeouts: {implicit: 0, pageLoad: 300000, script: 30000}, unhandledPromptBehavior: dismiss and notify, webauthn:virtualAuthenticators: true}
Session ID: cd4f19ea69d9e4f1cf35a05b91013d9b
*** Element info: {Using=xpath, value=//*[@id=&quot;maincontent&quot;]/div[1]/div/div[1]/div[3]/button}
	at org.openqa.selenium.remote.http.W3CHttpResponseCodec.createException(W3CHttpResponseCodec.java:187)
	at org.openqa.selenium.remote.http.W3CHttpResponseCodec.decode(W3CHttpResponseCodec.java:122)
	at org.openqa.selenium.remote.http.W3CHttpResponseCodec.decode(W3CHttpResponseCodec.java:49)
	at org.openqa.selenium.remote.HttpCommandExecutor.execute(HttpCommandExecutor.java:158)
	at org.openqa.selenium.remote.service.DriverCommandExecutor.execute(DriverCommandExecutor.java:83)
	at org.openqa.selenium.remote.RemoteWebDriver.execute(RemoteWebDriver.java:552)
	at org.openqa.selenium.remote.RemoteWebDriver.findElement(RemoteWebDriver.java:323)
	at org.openqa.selenium.remote.RemoteWebDriver.findElementByXPath(RemoteWebDriver.java:428)
	at org.openqa.selenium.By$ByXPath.findElement(By.java:353)
	at org.openqa.selenium.remote.RemoteWebDriver.findElement(RemoteWebDriver.java:315)
	at org.openqa.selenium.support.pagefactory.DefaultElementLocator.findElement(DefaultElementLocator.java:69)
	at org.openqa.selenium.support.pagefactory.internal.LocatingElementHandler.invoke(LocatingElementHandler.java:38)
	at com.sun.proxy.$Proxy14.click(Unknown Source)
	at tests.KaterinaSprint2.priceSliderResultsPage(KaterinaSprint2.java:47)
	at java.util.concurrent.ThreadPoolExecutor.runWorker(ThreadPoolExecutor.java:1149)
	at java.util.concurrent.ThreadPoolExecutor$Worker.run(ThreadPoolExecutor.java:624)
	at java.lang.Thread.run(Thread.java:748)
... Removed 16 stack frames
</div> <!-- stack-trace -->
                </div> <!-- method-content -->
              </div> <!-- method -->
              <div class="method">
                <div class="method-content">
                  <a name="productExpResultsPage">
                  </a> <!-- productExpResultsPage -->
                  <span class="method-name">productExpResultsPage</span>
                  <div class="stack-trace">org.openqa.selenium.NoSuchElementException: no such element: Unable to locate element: {&quot;method&quot;:&quot;css selector&quot;,&quot;selector&quot;:&quot;#button0&quot;}
  (Session info: chrome=87.0.4280.141)
For documentation on this error, please visit: https://www.seleniumhq.org/exceptions/no_such_element.html
Build info: version: &apos;3.141.59&apos;, revision: &apos;e82be7d358&apos;, time: &apos;2018-11-14T08:17:03&apos;
System info: host: &apos;LAPTOP-MC2FHNDC&apos;, ip: &apos;192.168.1.102&apos;, os.name: &apos;Windows 10&apos;, os.arch: &apos;amd64&apos;, os.version: &apos;10.0&apos;, java.version: &apos;1.8.0_261&apos;
Driver info: org.openqa.selenium.chrome.ChromeDriver
Capabilities {acceptInsecureCerts: false, browserName: chrome, browserVersion: 87.0.4280.141, chrome: {chromedriverVersion: 87.0.4280.88 (89e2380a3e36c..., userDataDir: C:\Users\eesha\AppData\Loca...}, goog:chromeOptions: {debuggerAddress: localhost:59478}, javascriptEnabled: true, networkConnectionEnabled: false, pageLoadStrategy: normal, platform: WINDOWS, platformName: WINDOWS, proxy: Proxy(), setWindowRect: true, strictFileInteractability: false, timeouts: {implicit: 0, pageLoad: 300000, script: 30000}, unhandledPromptBehavior: dismiss and notify, webauthn:virtualAuthenticators: true}
Session ID: 536aef13c0bf0e779bf16cdbb8d69f38
*** Element info: {Using=id, value=button0}
	at org.openqa.selenium.remote.http.W3CHttpResponseCodec.createException(W3CHttpResponseCodec.java:187)
	at org.openqa.selenium.remote.http.W3CHttpResponseCodec.decode(W3CHttpResponseCodec.java:122)
	at org.openqa.selenium.remote.http.W3CHttpResponseCodec.decode(W3CHttpResponseCodec.java:49)
	at org.openqa.selenium.remote.HttpCommandExecutor.execute(HttpCommandExecutor.java:158)
	at org.openqa.selenium.remote.service.DriverCommandExecutor.execute(DriverCommandExecutor.java:83)
	at org.openqa.selenium.remote.RemoteWebDriver.execute(RemoteWebDriver.java:552)
	at org.openqa.selenium.remote.RemoteWebDriver.findElement(RemoteWebDriver.java:323)
	at org.openqa.selenium.remote.RemoteWebDriver.findElementById(RemoteWebDriver.java:372)
	at org.openqa.selenium.By$ById.findElement(By.java:188)
	at org.openqa.selenium.remote.RemoteWebDriver.findElement(RemoteWebDriver.java:315)
	at org.openqa.selenium.support.pagefactory.DefaultElementLocator.findElement(DefaultElementLocator.java:69)
	at org.openqa.selenium.support.pagefactory.internal.LocatingElementHandler.invoke(LocatingElementHandler.java:38)
	at com.sun.proxy.$Proxy14.click(Unknown Source)
	at tests.KaterinaSprint2.productExpResultsPage(KaterinaSprint2.java:179)
	at java.util.concurrent.ThreadPoolExecutor.runWorker(ThreadPoolExecutor.java:1149)
	at java.util.concurrent.ThreadPoolExecutor$Worker.run(ThreadPoolExecutor.java:624)
	at java.lang.Thread.run(Thread.java:748)
... Removed 16 stack frames
</div> <!-- stack-trace -->
                </div> <!-- method-content -->
              </div> <!-- method -->
            </div> <!-- main-panel-content rounded-window-bottom -->
          </div> <!-- suite-Running_multiple_classes-class-failed -->
          <div class="suite-Running_multiple_classes-class-failed">
            <div class="main-panel-header rounded-window-top">
              <img src="failed.png"/>
              <span class="class-name">tests.DilmuRodSprint2</span>
            </div> <!-- main-panel-header rounded-window-top -->
            <div class="main-panel-content rounded-window-bottom">
              <div class="method">
                <div class="method-content">
                  <a name="randomNumberOfPassengers">
                  </a> <!-- randomNumberOfPassengers -->
                  <span class="method-name">randomNumberOfPassengers</span>
                  <div class="stack-trace">org.openqa.selenium.NoSuchElementException: no such element: Unable to locate element: {&quot;method&quot;:&quot;xpath&quot;,&quot;selector&quot;:&quot;//*[@id=&quot;booking&quot;]/form/div[1]/div/div[1]/div[1]/div[4]/span/span[1]&quot;}
  (Session info: chrome=87.0.4280.141)
For documentation on this error, please visit: https://www.seleniumhq.org/exceptions/no_such_element.html
Build info: version: &apos;3.141.59&apos;, revision: &apos;e82be7d358&apos;, time: &apos;2018-11-14T08:17:03&apos;
System info: host: &apos;LAPTOP-MC2FHNDC&apos;, ip: &apos;192.168.1.102&apos;, os.name: &apos;Windows 10&apos;, os.arch: &apos;amd64&apos;, os.version: &apos;10.0&apos;, java.version: &apos;1.8.0_261&apos;
Driver info: org.openqa.selenium.chrome.ChromeDriver
Capabilities {acceptInsecureCerts: false, browserName: chrome, browserVersion: 87.0.4280.141, chrome: {chromedriverVersion: 87.0.4280.88 (89e2380a3e36c..., userDataDir: C:\Users\eesha\AppData\Loca...}, goog:chromeOptions: {debuggerAddress: localhost:57683}, javascriptEnabled: true, networkConnectionEnabled: false, pageLoadStrategy: normal, platform: WINDOWS, platformName: WINDOWS, proxy: Proxy(), setWindowRect: true, strictFileInteractability: false, timeouts: {implicit: 0, pageLoad: 300000, script: 30000}, unhandledPromptBehavior: dismiss and notify, webauthn:virtualAuthenticators: true}
Session ID: 191b7e6de370ad552d8c9393d951e18a
*** Element info: {Using=xpath, value=//*[@id=&quot;booking&quot;]/form/div[1]/div/div[1]/div[1]/div[4]/span/span[1]}
	at org.openqa.selenium.remote.http.W3CHttpResponseCodec.createException(W3CHttpResponseCodec.java:187)
	at org.openqa.selenium.remote.http.W3CHttpResponseCodec.decode(W3CHttpResponseCodec.java:122)
	at org.openqa.selenium.remote.http.W3CHttpResponseCodec.decode(W3CHttpResponseCodec.java:49)
	at org.openqa.selenium.remote.HttpCommandExecutor.execute(HttpCommandExecutor.java:158)
	at org.openqa.selenium.remote.service.DriverCommandExecutor.execute(DriverCommandExecutor.java:83)
	at org.openqa.selenium.remote.RemoteWebDriver.execute(RemoteWebDriver.java:552)
	at org.openqa.selenium.remote.RemoteWebDriver.findElement(RemoteWebDriver.java:323)
	at org.openqa.selenium.remote.RemoteWebDriver.findElementByXPath(RemoteWebDriver.java:428)
	at org.openqa.selenium.By$ByXPath.findElement(By.java:353)
	at org.openqa.selenium.remote.RemoteWebDriver.findElement(RemoteWebDriver.java:315)
	at org.openqa.selenium.support.pagefactory.DefaultElementLocator.findElement(DefaultElementLocator.java:69)
	at org.openqa.selenium.support.pagefactory.internal.LocatingElementHandler.invoke(LocatingElementHandler.java:38)
	at com.sun.proxy.$Proxy14.sendKeys(Unknown Source)
	at tests.DilmuRodSprint2.randomNumberOfPassengers(DilmuRodSprint2.java:91)
	at java.util.concurrent.ThreadPoolExecutor.runWorker(ThreadPoolExecutor.java:1149)
	at java.util.concurrent.ThreadPoolExecutor$Worker.run(ThreadPoolExecutor.java:624)
	at java.lang.Thread.run(Thread.java:748)
... Removed 16 stack frames
</div> <!-- stack-trace -->
                </div> <!-- method-content -->
              </div> <!-- method -->
              <div class="method">
                <div class="method-content">
                  <a name="verifyThreeDifferentSearchResul(ATL, MIA, March, 1 , March, May, 15 , May)">
                  </a> <!-- verifyThreeDifferentSearchResul(ATL, MIA, March, 1 , March, May, 15 , May) -->
                  <span class="method-name">verifyThreeDifferentSearchResul</span>
                  <span class="parameters">(ATL, MIA, March, 1 , March, May, 15 , May)</span>
                  <div class="stack-trace">java.lang.AssertionError: expected [true] but found [false]
	at tests.DilmuRodSprint2.verifyThreeDifferentSearchResul(DilmuRodSprint2.java:203)
	at java.util.concurrent.ThreadPoolExecutor.runWorker(ThreadPoolExecutor.java:1149)
	at java.util.concurrent.ThreadPoolExecutor$Worker.run(ThreadPoolExecutor.java:624)
	at java.lang.Thread.run(Thread.java:748)
... Removed 16 stack frames
</div> <!-- stack-trace -->
                </div> <!-- method-content -->
              </div> <!-- method -->
            </div> <!-- main-panel-content rounded-window-bottom -->
          </div> <!-- suite-Running_multiple_classes-class-failed -->
          <div class="suite-Running_multiple_classes-class-passed">
            <div class="main-panel-header rounded-window-top">
              <img src="passed.png"/>
              <span class="class-name">tests.KatyaSprint2</span>
            </div> <!-- main-panel-header rounded-window-top -->
            <div class="main-panel-content rounded-window-bottom">
              <div class="method">
                <div class="method-content">
                  <a name="test1WebsiteFooter">
                  </a> <!-- test1WebsiteFooter -->
                  <span class="method-name">test1WebsiteFooter</span>
                </div> <!-- method-content -->
              </div> <!-- method -->
              <div class="method">
                <div class="method-content">
                  <a name="test2WebsiteFooter">
                  </a> <!-- test2WebsiteFooter -->
                  <span class="method-name">test2WebsiteFooter</span>
                </div> <!-- method-content -->
              </div> <!-- method -->
              <div class="method">
                <div class="method-content">
                  <a name="test3WebsiteFooter">
                  </a> <!-- test3WebsiteFooter -->
                  <span class="method-name">test3WebsiteFooter</span>
                </div> <!-- method-content -->
              </div> <!-- method -->
              <div class="method">
                <div class="method-content">
                  <a name="test6WebsiteFooter">
                  </a> <!-- test6WebsiteFooter -->
                  <span class="method-name">test6WebsiteFooter</span>
                </div> <!-- method-content -->
              </div> <!-- method -->
              <div class="method">
                <div class="method-content">
                  <a name="test7WebsiteFooter">
                  </a> <!-- test7WebsiteFooter -->
                  <span class="method-name">test7WebsiteFooter</span>
                </div> <!-- method-content -->
              </div> <!-- method -->
            </div> <!-- main-panel-content rounded-window-bottom -->
          </div> <!-- suite-Running_multiple_classes-class-passed -->
          <div class="suite-Running_multiple_classes-class-passed">
            <div class="main-panel-header rounded-window-top">
              <img src="passed.png"/>
              <span class="class-name">tests.KaterinaSprint2</span>
            </div> <!-- main-panel-header rounded-window-top -->
            <div class="main-panel-content rounded-window-bottom">
              <div class="method">
                <div class="method-content">
                  <a name="cityFullNameBookingPage(Atlanta, Atlanta, Washington, Washington, Atlanta, Washington)">
                  </a> <!-- cityFullNameBookingPage(Atlanta, Atlanta, Washington, Washington, Atlanta, Washington) -->
                  <span class="method-name">cityFullNameBookingPage</span>
                  <span class="parameters">(Atlanta, Atlanta, Washington, Washington, Atlanta, Washington)</span>
                </div> <!-- method-content -->
              </div> <!-- method -->
              <div class="method">
                <div class="method-content">
                  <a name="datesBookingPage(ATL, IAD, February, 1 , February, March, 1 , March)">
                  </a> <!-- datesBookingPage(ATL, IAD, February, 1 , February, March, 1 , March) -->
                  <span class="method-name">datesBookingPage</span>
                  <span class="parameters">(ATL, IAD, February, 1 , February, March, 1 , March)</span>
                </div> <!-- method-content -->
              </div> <!-- method -->
              <div class="method">
                <div class="method-content">
                  <a name="feedbackBookingPage(Awesome!)">
                  </a> <!-- feedbackBookingPage(Awesome!) -->
                  <span class="method-name">feedbackBookingPage</span>
                  <span class="parameters">(Awesome!)</span>
                </div> <!-- method-content -->
              </div> <!-- method -->
            </div> <!-- main-panel-content rounded-window-bottom -->
          </div> <!-- suite-Running_multiple_classes-class-passed -->
          <div class="suite-Running_multiple_classes-class-passed">
            <div class="main-panel-header rounded-window-top">
              <img src="passed.png"/>
              <span class="class-name">tests.SanaSprint2</span>
            </div> <!-- main-panel-header rounded-window-top -->
            <div class="main-panel-content rounded-window-bottom">
              <div class="method">
                <div class="method-content">
                  <a name="maxGiftCardAmount">
                  </a> <!-- maxGiftCardAmount -->
                  <span class="method-name">maxGiftCardAmount</span>
                </div> <!-- method-content -->
              </div> <!-- method -->
              <div class="method">
                <div class="method-content">
                  <a name="minGiftCardAmount">
                  </a> <!-- minGiftCardAmount -->
                  <span class="method-name">minGiftCardAmount</span>
                </div> <!-- method-content -->
              </div> <!-- method -->
              <div class="method">
                <div class="method-content">
                  <a name="mismatchEmails">
                  </a> <!-- mismatchEmails -->
                  <span class="method-name">mismatchEmails</span>
                </div> <!-- method-content -->
              </div> <!-- method -->
              <div class="method">
                <div class="method-content">
                  <a name="negativeCreditCard">
                  </a> <!-- negativeCreditCard -->
                  <span class="method-name">negativeCreditCard</span>
                </div> <!-- method-content -->
              </div> <!-- method -->
              <div class="method">
                <div class="method-content">
                  <a name="nonEngSenderName(Testee, tester007)">
                  </a> <!-- nonEngSenderName(Testee, tester007) -->
                  <span class="method-name">nonEngSenderName</span>
                  <span class="parameters">(Testee, tester007)</span>
                </div> <!-- method-content -->
              </div> <!-- method -->
              <div class="method">
                <div class="method-content">
                  <a name="nonEngSenderName(Testee, æµ‹è¯•äººå‘˜)">
                  </a> <!-- nonEngSenderName(Testee, æµ‹è¯•äººå‘˜) -->
                  <span class="method-name">nonEngSenderName</span>
                  <span class="parameters">(Testee, æµ‹è¯•äººå‘˜)</span>
                </div> <!-- method-content -->
              </div> <!-- method -->
              <div class="method">
                <div class="method-content">
                  <a name="nonEngSenderName(Testee, Ø§Ø®ØªØ¨Ø§Ø±)">
                  </a> <!-- nonEngSenderName(Testee, Ø§Ø®ØªØ¨Ø§Ø±) -->
                  <span class="method-name">nonEngSenderName</span>
                  <span class="parameters">(Testee, Ø§Ø®ØªØ¨Ø§Ø±)</span>
                </div> <!-- method-content -->
              </div> <!-- method -->
              <div class="method">
                <div class="method-content">
                  <a name="nonEngSenderName(Testee, test cihazÄ±)">
                  </a> <!-- nonEngSenderName(Testee, test cihazÄ±) -->
                  <span class="method-name">nonEngSenderName</span>
                  <span class="parameters">(Testee, test cihazÄ±)</span>
                </div> <!-- method-content -->
              </div> <!-- method -->
              <div class="method">
                <div class="method-content">
                  <a name="nonEngSenderName(Testee, 000000)">
                  </a> <!-- nonEngSenderName(Testee, 000000) -->
                  <span class="method-name">nonEngSenderName</span>
                  <span class="parameters">(Testee, 000000)</span>
                </div> <!-- method-content -->
              </div> <!-- method -->
              <div class="method">
                <div class="method-content">
                  <a name="verifyGiftCardLink">
                  </a> <!-- verifyGiftCardLink -->
                  <span class="method-name">verifyGiftCardLink</span>
                </div> <!-- method-content -->
              </div> <!-- method -->
            </div> <!-- main-panel-content rounded-window-bottom -->
          </div> <!-- suite-Running_multiple_classes-class-passed -->
          <div class="suite-Running_multiple_classes-class-passed">
            <div class="main-panel-header rounded-window-top">
              <img src="passed.png"/>
              <span class="class-name">tests.DilmuRodSprint2</span>
            </div> <!-- main-panel-header rounded-window-top -->
            <div class="main-panel-content rounded-window-bottom">
              <div class="method">
                <div class="method-content">
                  <a name="multipleCity">
                  </a> <!-- multipleCity -->
                  <span class="method-name">multipleCity</span>
                </div> <!-- method-content -->
              </div> <!-- method -->
              <div class="method">
                <div class="method-content">
                  <a name="verifyAllLinksOnBookingPage">
                  </a> <!-- verifyAllLinksOnBookingPage -->
                  <span class="method-name">verifyAllLinksOnBookingPage</span>
                </div> <!-- method-content -->
              </div> <!-- method -->
              <div class="method">
                <div class="method-content">
                  <a name="verifyThreeDifferentSearchResults(ATL, NYC, March, 1 , March, May, 15 , May)">
                  </a> <!-- verifyThreeDifferentSearchResults(ATL, NYC, March, 1 , March, May, 15 , May) -->
                  <span class="method-name">verifyThreeDifferentSearchResults</span>
                  <span class="parameters">(ATL, NYC, March, 1 , March, May, 15 , May)</span>
                </div> <!-- method-content -->
              </div> <!-- method -->
            </div> <!-- main-panel-content rounded-window-bottom -->
          </div> <!-- suite-Running_multiple_classes-class-passed -->
        </div> <!-- panel Running_multiple_classes -->
        <div panel-name="suite-Failed_suite__Crossbrowser_Tests_" class="panel Failed_suite__Crossbrowser_Tests_">
          <div class="suite-Failed_suite__Crossbrowser_Tests_-class-passed">
            <div class="main-panel-header rounded-window-top">
              <img src="passed.png"/>
              <span class="class-name">tests.KaterinaSprint2</span>
            </div> <!-- main-panel-header rounded-window-top -->
            <div class="main-panel-content rounded-window-bottom">
              <div class="method">
                <div class="method-content">
                  <a name="datesBookingPage(ATL, IAD, February, 1 , February, March, 1 , March)">
                  </a> <!-- datesBookingPage(ATL, IAD, February, 1 , February, March, 1 , March) -->
                  <span class="method-name">datesBookingPage</span>
                  <span class="parameters">(ATL, IAD, February, 1 , February, March, 1 , March)</span>
                </div> <!-- method-content -->
              </div> <!-- method -->
            </div> <!-- main-panel-content rounded-window-bottom -->
          </div> <!-- suite-Failed_suite__Crossbrowser_Tests_-class-passed -->
        </div> <!-- panel Failed_suite__Crossbrowser_Tests_ -->
        <div panel-name="test-xml-Running_multiple_classes" class="panel">
          <div class="main-panel-header rounded-window-top">
            <span class="header-content">C:\Users\eesha\git\AutomationProject-Framework-group-B\AutomationProject1\regression_test.xml</span>
          </div> <!-- main-panel-header rounded-window-top -->
          <div class="main-panel-content rounded-window-bottom">
            <pre>
&lt;?xml version=&quot;1.0&quot; encoding=&quot;UTF-8&quot;?&gt;
&lt;!DOCTYPE suite SYSTEM &quot;https://testng.org/testng-1.0.dtd&quot;&gt;
&lt;suite guice-stage=&quot;DEVELOPMENT&quot; verbose=&quot;0&quot; name=&quot;Running multiple classes&quot; parallel=&quot;classes&quot;&gt;
  &lt;test thread-count=&quot;5&quot; verbose=&quot;0&quot; name=&quot; Running multiple classes&quot; parallel=&quot;classes&quot;&gt;
    &lt;parameter name=&quot;comment&quot; value=&quot;Awesome!&quot;/&gt;
    &lt;classes&gt;
      &lt;class name=&quot;tests.DilmuRodSprint2&quot;/&gt;
      &lt;class name=&quot;tests.KatyaSprint2&quot;/&gt;
      &lt;class name=&quot;tests.SanaSprint2&quot;/&gt;
      &lt;class name=&quot;tests.KaterinaSprint2&quot;/&gt;
    &lt;/classes&gt;
  &lt;/test&gt; &lt;!--  Running multiple classes --&gt;
&lt;/suite&gt; &lt;!-- Running multiple classes --&gt;
            </pre>
          </div> <!-- main-panel-content rounded-window-bottom -->
        </div> <!-- panel -->
        <div panel-name="test-xml-Failed_suite__Crossbrowser_Tests_" class="panel">
          <div class="main-panel-header rounded-window-top">
            <span class="header-content">C:\Users\eesha\git\AutomationProject-Framework-group-B\AutomationProject1\test-output\testng-failed.xml</span>
          </div> <!-- main-panel-header rounded-window-top -->
          <div class="main-panel-content rounded-window-bottom">
            <pre>
&lt;?xml version=&quot;1.0&quot; encoding=&quot;UTF-8&quot;?&gt;
&lt;!DOCTYPE suite SYSTEM &quot;https://testng.org/testng-1.0.dtd&quot;&gt;
&lt;suite thread-count=&quot;15&quot; guice-stage=&quot;DEVELOPMENT&quot; verbose=&quot;0&quot; name=&quot;Failed suite [Crossbrowser Tests]&quot; parallel=&quot;tests&quot;&gt;
  &lt;test thread-count=&quot;15&quot; verbose=&quot;0&quot; name=&quot;Firefox Test(failed)&quot; parallel=&quot;tests&quot;&gt;
    &lt;parameter name=&quot;browser&quot; value=&quot;firefox&quot;/&gt;
    &lt;parameter name=&quot;comment&quot; value=&quot;Awesome!&quot;/&gt;
    &lt;classes&gt;
      &lt;class name=&quot;tests.KaterinaSprint2&quot;&gt;
        &lt;methods&gt;
          &lt;include name=&quot;setUpReport&quot;/&gt;
          &lt;include name=&quot;datesBookingPage&quot; invocation-numbers=&quot;0&quot;/&gt;
          &lt;include name=&quot;tearDownReport&quot;/&gt;
          &lt;include name=&quot;setupMethod&quot;/&gt;
          &lt;include name=&quot;teardownMethod&quot;/&gt;
        &lt;/methods&gt;
      &lt;/class&gt; &lt;!-- tests.KaterinaSprint2 --&gt;
    &lt;/classes&gt;
  &lt;/test&gt; &lt;!-- Firefox Test(failed) --&gt;
&lt;/suite&gt; &lt;!-- Failed suite [Crossbrowser Tests] --&gt;
            </pre>
          </div> <!-- main-panel-content rounded-window-bottom -->
        </div> <!-- panel -->
        <div panel-name="testlist-Running_multiple_classes" class="panel">
          <div class="main-panel-header rounded-window-top">
            <span class="header-content">Tests for Running multiple classes</span>
          </div> <!-- main-panel-header rounded-window-top -->
          <div class="main-panel-content rounded-window-bottom">
            <ul>
              <li>
                <span class="test-name"> Running multiple classes (4 classes)</span>
              </li>
            </ul>
          </div> <!-- main-panel-content rounded-window-bottom -->
        </div> <!-- panel -->
        <div panel-name="testlist-Failed_suite__Crossbrowser_Tests_" class="panel">
          <div class="main-panel-header rounded-window-top">
            <span class="header-content">Tests for Failed suite [Crossbrowser Tests]</span>
          </div> <!-- main-panel-header rounded-window-top -->
          <div class="main-panel-content rounded-window-bottom">
            <ul>
              <li>
                <span class="test-name">Firefox Test(failed) (1 class)</span>
              </li>
            </ul>
          </div> <!-- main-panel-content rounded-window-bottom -->
        </div> <!-- panel -->
        <div panel-name="group-Running_multiple_classes" class="panel">
          <div class="main-panel-header rounded-window-top">
            <span class="header-content">Groups for Running multiple classes</span>
          </div> <!-- main-panel-header rounded-window-top -->
          <div class="main-panel-content rounded-window-bottom">
            <div class="test-group">
              <span class="test-group-name">smoke</span>
              <br/>
              <div class="method-in-group">
                <span class="method-in-group-name">multipleCity</span>
                <br/>
              </div> <!-- method-in-group -->
              <div class="method-in-group">
                <span class="method-in-group-name">priceSliderResultsPage</span>
                <br/>
              </div> <!-- method-in-group -->
              <div class="method-in-group">
                <span class="method-in-group-name">test3WebsiteFooter</span>
                <br/>
              </div> <!-- method-in-group -->
              <div class="method-in-group">
                <span class="method-in-group-name">verifyGiftCardLink</span>
                <br/>
              </div> <!-- method-in-group -->
            </div> <!-- test-group -->
          </div> <!-- main-panel-content rounded-window-bottom -->
        </div> <!-- panel -->
        <div panel-name="group-Failed_suite__Crossbrowser_Tests_" class="panel">
          <div class="main-panel-header rounded-window-top">
            <span class="header-content">Groups for Failed suite [Crossbrowser Tests]</span>
          </div> <!-- main-panel-header rounded-window-top -->
          <div class="main-panel-content rounded-window-bottom">
          </div> <!-- main-panel-content rounded-window-bottom -->
        </div> <!-- panel -->
        <div panel-name="times-Running_multiple_classes" class="panel">
          <div class="main-panel-header rounded-window-top">
            <span class="header-content">Times for Running multiple classes</span>
          </div> <!-- main-panel-header rounded-window-top -->
          <div class="main-panel-content rounded-window-bottom">
            <div class="times-div">
              <script type="text/javascript">
suiteTableInitFunctions.push('tableData_Running_multiple_classes');
function tableData_Running_multiple_classes() {
var data = new google.visualization.DataTable();
data.addColumn('number', 'Number');
data.addColumn('string', 'Method');
data.addColumn('string', 'Class');
data.addColumn('number', 'Time (ms)');
data.addRows(29);
data.setCell(0, 0, 0)
data.setCell(0, 1, 'productExpResultsPage')
data.setCell(0, 2, 'tests.KaterinaSprint2')
data.setCell(0, 3, 43600);
data.setCell(1, 0, 1)
data.setCell(1, 1, 'negativeCreditCard')
data.setCell(1, 2, 'tests.SanaSprint2')
data.setCell(1, 3, 40650);
data.setCell(2, 0, 2)
data.setCell(2, 1, 'randomNumberOfPassengers')
data.setCell(2, 2, 'tests.DilmuRodSprint2')
data.setCell(2, 3, 36828);
data.setCell(3, 0, 3)
data.setCell(3, 1, 'priceSliderResultsPage')
data.setCell(3, 2, 'tests.KaterinaSprint2')
data.setCell(3, 3, 34217);
data.setCell(4, 0, 4)
data.setCell(4, 1, 'mismatchEmails')
data.setCell(4, 2, 'tests.SanaSprint2')
data.setCell(4, 3, 32545);
data.setCell(5, 0, 5)
data.setCell(5, 1, 'verifyThreeDifferentSearchResul')
data.setCell(5, 2, 'tests.DilmuRodSprint2')
data.setCell(5, 3, 29653);
data.setCell(6, 0, 6)
data.setCell(6, 1, 'maxGiftCardAmount')
data.setCell(6, 2, 'tests.SanaSprint2')
data.setCell(6, 3, 27841);
data.setCell(7, 0, 7)
data.setCell(7, 1, 'minGiftCardAmount')
data.setCell(7, 2, 'tests.SanaSprint2')
data.setCell(7, 3, 25468);
data.setCell(8, 0, 8)
data.setCell(8, 1, 'modifyResultPage')
data.setCell(8, 2, 'tests.KaterinaSprint2')
data.setCell(8, 3, 22428);
data.setCell(9, 0, 9)
data.setCell(9, 1, 'nonEngSenderName')
data.setCell(9, 2, 'tests.SanaSprint2')
data.setCell(9, 3, 20807);
data.setCell(10, 0, 10)
data.setCell(10, 1, 'nonEngSenderName')
data.setCell(10, 2, 'tests.SanaSprint2')
data.setCell(10, 3, 19472);
data.setCell(11, 0, 11)
data.setCell(11, 1, 'test7WebsiteFooter')
data.setCell(11, 2, 'tests.KatyaSprint2')
data.setCell(11, 3, 18953);
data.setCell(12, 0, 12)
data.setCell(12, 1, 'verifyThreeDifferentSearchResults')
data.setCell(12, 2, 'tests.DilmuRodSprint2')
data.setCell(12, 3, 18377);
data.setCell(13, 0, 13)
data.setCell(13, 1, 'test2WebsiteFooter')
data.setCell(13, 2, 'tests.KatyaSprint2')
data.setCell(13, 3, 18219);
data.setCell(14, 0, 14)
data.setCell(14, 1, 'nonEngSenderName')
data.setCell(14, 2, 'tests.SanaSprint2')
data.setCell(14, 3, 18149);
data.setCell(15, 0, 15)
data.setCell(15, 1, 'datesBookingPage')
data.setCell(15, 2, 'tests.KaterinaSprint2')
data.setCell(15, 3, 18100);
data.setCell(16, 0, 16)
data.setCell(16, 1, 'nonEngSenderName')
data.setCell(16, 2, 'tests.SanaSprint2')
data.setCell(16, 3, 18095);
data.setCell(17, 0, 17)
data.setCell(17, 1, 'nonEngSenderName')
data.setCell(17, 2, 'tests.SanaSprint2')
data.setCell(17, 3, 16061);
data.setCell(18, 0, 18)
data.setCell(18, 1, 'verifyAllLinksOnBookingPage')
data.setCell(18, 2, 'tests.DilmuRodSprint2')
data.setCell(18, 3, 12771);
data.setCell(19, 0, 19)
data.setCell(19, 1, 'test1WebsiteFooter')
data.setCell(19, 2, 'tests.KatyaSprint2')
data.setCell(19, 3, 11285);
data.setCell(20, 0, 20)
data.setCell(20, 1, 'test6WebsiteFooter')
data.setCell(20, 2, 'tests.KatyaSprint2')
data.setCell(20, 3, 10316);
data.setCell(21, 0, 21)
data.setCell(21, 1, 'feedbackBookingPage')
data.setCell(21, 2, 'tests.KaterinaSprint2')
data.setCell(21, 3, 9145);
data.setCell(22, 0, 22)
data.setCell(22, 1, 'multipleCity')
data.setCell(22, 2, 'tests.DilmuRodSprint2')
data.setCell(22, 3, 8997);
data.setCell(23, 0, 23)
data.setCell(23, 1, 'test3WebsiteFooter')
data.setCell(23, 2, 'tests.KatyaSprint2')
data.setCell(23, 3, 6666);
data.setCell(24, 0, 24)
data.setCell(24, 1, 'cityFullNameBookingPage')
data.setCell(24, 2, 'tests.KaterinaSprint2')
data.setCell(24, 3, 5917);
data.setCell(25, 0, 25)
data.setCell(25, 1, 'test8WebsiteFooter')
data.setCell(25, 2, 'tests.KatyaSprint2')
data.setCell(25, 3, 3470);
data.setCell(26, 0, 26)
data.setCell(26, 1, 'test5WebsiteFooter')
data.setCell(26, 2, 'tests.KatyaSprint2')
data.setCell(26, 3, 1961);
data.setCell(27, 0, 27)
data.setCell(27, 1, 'verifyGiftCardLink')
data.setCell(27, 2, 'tests.SanaSprint2')
data.setCell(27, 3, 1788);
data.setCell(28, 0, 28)
data.setCell(28, 1, 'test4WebsiteFooter')
data.setCell(28, 2, 'tests.KatyaSprint2')
data.setCell(28, 3, 1673);
window.suiteTableData['Running_multiple_classes']= { tableData: data, tableDiv: 'times-div-Running_multiple_classes'}
return data;
}
              </script>
              <span class="suite-total-time">Total running time: 8 minutes</span>
              <div id="times-div-Running_multiple_classes">
              </div> <!-- times-div-Running_multiple_classes -->
            </div> <!-- times-div -->
          </div> <!-- main-panel-content rounded-window-bottom -->
        </div> <!-- panel -->
        <div panel-name="times-Failed_suite__Crossbrowser_Tests_" class="panel">
          <div class="main-panel-header rounded-window-top">
            <span class="header-content">Times for Failed suite [Crossbrowser Tests]</span>
          </div> <!-- main-panel-header rounded-window-top -->
          <div class="main-panel-content rounded-window-bottom">
            <div class="times-div">
              <script type="text/javascript">
suiteTableInitFunctions.push('tableData_Failed_suite__Crossbrowser_Tests_');
function tableData_Failed_suite__Crossbrowser_Tests_() {
var data = new google.visualization.DataTable();
data.addColumn('number', 'Number');
data.addColumn('string', 'Method');
data.addColumn('string', 'Class');
data.addColumn('number', 'Time (ms)');
data.addRows(1);
data.setCell(0, 0, 0)
data.setCell(0, 1, 'datesBookingPage')
data.setCell(0, 2, 'tests.KaterinaSprint2')
data.setCell(0, 3, 11781);
window.suiteTableData['Failed_suite__Crossbrowser_Tests_']= { tableData: data, tableDiv: 'times-div-Failed_suite__Crossbrowser_Tests_'}
return data;
}
              </script>
              <span class="suite-total-time">Total running time: 28 seconds</span>
              <div id="times-div-Failed_suite__Crossbrowser_Tests_">
              </div> <!-- times-div-Failed_suite__Crossbrowser_Tests_ -->
            </div> <!-- times-div -->
          </div> <!-- main-panel-content rounded-window-bottom -->
        </div> <!-- panel -->
        <div panel-name="reporter-Running_multiple_classes" class="panel">
          <div class="main-panel-header rounded-window-top">
            <span class="header-content">Reporter output for Running multiple classes</span>
          </div> <!-- main-panel-header rounded-window-top -->
          <div class="main-panel-content rounded-window-bottom">
          </div> <!-- main-panel-content rounded-window-bottom -->
        </div> <!-- panel -->
        <div panel-name="reporter-Failed_suite__Crossbrowser_Tests_" class="panel">
          <div class="main-panel-header rounded-window-top">
            <span class="header-content">Reporter output for Failed suite [Crossbrowser Tests]</span>
          </div> <!-- main-panel-header rounded-window-top -->
          <div class="main-panel-content rounded-window-bottom">
          </div> <!-- main-panel-content rounded-window-bottom -->
        </div> <!-- panel -->
        <div panel-name="ignored-methods-Running_multiple_classes" class="panel">
          <div class="main-panel-header rounded-window-top">
            <span class="header-content">6 ignored methods</span>
          </div> <!-- main-panel-header rounded-window-top -->
          <div class="main-panel-content rounded-window-bottom">
            <div class="ignored-class-div">
              <span class="ignored-class-name">tests.KatyaSprint2</span>
              <div class="ignored-methods-div">
                <span class="ignored-method-name">setUpReport</span>
                <br/>
                <span class="ignored-method-name">tearDownReport</span>
                <br/>
              </div> <!-- ignored-methods-div -->
            </div> <!-- ignored-class-div -->
            <div class="ignored-class-div">
              <span class="ignored-class-name">tests.KaterinaSprint2</span>
              <div class="ignored-methods-div">
                <span class="ignored-method-name">setUpReport</span>
                <br/>
                <span class="ignored-method-name">tearDownReport</span>
                <br/>
              </div> <!-- ignored-methods-div -->
            </div> <!-- ignored-class-div -->
            <div class="ignored-class-div">
              <span class="ignored-class-name">tests.SanaSprint2</span>
              <div class="ignored-methods-div">
                <span class="ignored-method-name">setUpReport</span>
                <br/>
                <span class="ignored-method-name">tearDownReport</span>
                <br/>
              </div> <!-- ignored-methods-div -->
            </div> <!-- ignored-class-div -->
          </div> <!-- main-panel-content rounded-window-bottom -->
        </div> <!-- panel -->
        <div panel-name="ignored-methods-Failed_suite__Crossbrowser_Tests_" class="panel">
          <div class="main-panel-header rounded-window-top">
            <span class="header-content">5 ignored methods</span>
          </div> <!-- main-panel-header rounded-window-top -->
          <div class="main-panel-content rounded-window-bottom">
            <div class="ignored-class-div">
              <span class="ignored-class-name">tests.KaterinaSprint2</span>
              <div class="ignored-methods-div">
                <span class="ignored-method-name">productExpResultsPage</span>
                <br/>
                <span class="ignored-method-name">modifyResultPage</span>
                <br/>
                <span class="ignored-method-name">cityFullNameBookingPage</span>
                <br/>
                <span class="ignored-method-name">priceSliderResultsPage</span>
                <br/>
                <span class="ignored-method-name">feedbackBookingPage</span>
                <br/>
              </div> <!-- ignored-methods-div -->
            </div> <!-- ignored-class-div -->
          </div> <!-- main-panel-content rounded-window-bottom -->
        </div> <!-- panel -->
        <div panel-name="chronological-Running_multiple_classes" class="panel">
          <div class="main-panel-header rounded-window-top">
            <span class="header-content">Methods in chronological order</span>
          </div> <!-- main-panel-header rounded-window-top -->
          <div class="main-panel-content rounded-window-bottom">
            <div class="chronological-class">
              <div class="chronological-class-name">tests.DilmuRodSprint2</div> <!-- chronological-class-name -->
              <div class="configuration-suite before">
                <span class="method-name">setUpReport</span>
                <span class="method-start">0 ms</span>
              </div> <!-- configuration-suite before -->
            </div> <!-- chronological-class -->
            <div class="chronological-class">
              <div class="chronological-class-name">tests.SanaSprint2</div> <!-- chronological-class-name -->
              <div class="configuration-method before">
                <span class="method-name">setupMethod(null)</span>
                <span class="method-start">486 ms</span>
              </div> <!-- configuration-method before -->
            </div> <!-- chronological-class -->
            <div class="chronological-class">
              <div class="chronological-class-name">tests.KaterinaSprint2</div> <!-- chronological-class-name -->
              <div class="configuration-method before">
                <span class="method-name">setupMethod(null)</span>
                <span class="method-start">486 ms</span>
              </div> <!-- configuration-method before -->
            </div> <!-- chronological-class -->
            <div class="chronological-class">
              <div class="chronological-class-name">tests.KatyaSprint2</div> <!-- chronological-class-name -->
              <div class="configuration-method before">
                <span class="method-name">setupMethod(null)</span>
                <span class="method-start">486 ms</span>
              </div> <!-- configuration-method before -->
            </div> <!-- chronological-class -->
            <div class="chronological-class">
              <div class="chronological-class-name">tests.DilmuRodSprint2</div> <!-- chronological-class-name -->
              <div class="configuration-method before">
                <span class="method-name">setupMethod(null)</span>
                <span class="method-start">486 ms</span>
              </div> <!-- configuration-method before -->
            </div> <!-- chronological-class -->
            <div class="chronological-class">
              <div class="chronological-class-name">tests.SanaSprint2</div> <!-- chronological-class-name -->
              <div class="test-method">
                <span class="method-name">maxGiftCardAmount</span>
                <span class="method-start">17321 ms</span>
              </div> <!-- test-method -->
            </div> <!-- chronological-class -->
            <div class="chronological-class">
              <div class="chronological-class-name">tests.KatyaSprint2</div> <!-- chronological-class-name -->
              <div class="test-method">
                <span class="method-name">test1WebsiteFooter</span>
                <span class="method-start">20926 ms</span>
              </div> <!-- test-method -->
            </div> <!-- chronological-class -->
            <div class="chronological-class">
              <div class="chronological-class-name">tests.KaterinaSprint2</div> <!-- chronological-class-name -->
              <div class="test-method">
                <span class="method-name">cityFullNameBookingPage(Atlanta, Atlanta, Washington, Washington, Atlanta, Washington)</span>
                <span class="method-start">30140 ms</span>
              </div> <!-- test-method -->
            </div> <!-- chronological-class -->
            <div class="chronological-class">
              <div class="chronological-class-name">tests.DilmuRodSprint2</div> <!-- chronological-class-name -->
              <div class="test-method">
                <span class="method-name">multipleCity</span>
                <span class="method-start">30809 ms</span>
              </div> <!-- test-method -->
            </div> <!-- chronological-class -->
            <div class="chronological-class">
              <div class="chronological-class-name">tests.KatyaSprint2</div> <!-- chronological-class-name -->
              <div class="configuration-method after">
                <span class="method-name">teardownMethod([TestResult name=test1WebsiteFooter status=SUCCESS method=KatyaSprint2.test1WebsiteFooter()[pri:0, i...)</span>
                <span class="method-start">32215 ms</span>
              </div> <!-- configuration-method after -->
              <div class="configuration-method before">
                <span class="method-name">setupMethod(null)</span>
                <span class="method-start">33181 ms</span>
              </div> <!-- configuration-method before -->
            </div> <!-- chronological-class -->
            <div class="chronological-class">
              <div class="chronological-class-name">tests.KaterinaSprint2</div> <!-- chronological-class-name -->
              <div class="configuration-method after">
                <span class="method-name">teardownMethod([TestResult name=cityFullNameBookingPage status=SUCCESS method=KaterinaSprint2.cityFullNameBookingPa...)</span>
                <span class="method-start">36060 ms</span>
              </div> <!-- configuration-method after -->
              <div class="configuration-method before">
                <span class="method-name">setupMethod(null)</span>
                <span class="method-start">37963 ms</span>
              </div> <!-- configuration-method before -->
            </div> <!-- chronological-class -->
            <div class="chronological-class">
              <div class="chronological-class-name">tests.DilmuRodSprint2</div> <!-- chronological-class-name -->
              <div class="configuration-method after">
                <span class="method-name">teardownMethod([TestResult name=multipleCity status=SUCCESS method=DilmuRodSprint2.multipleCity()[pri:0, instance:t...)</span>
                <span class="method-start">39807 ms</span>
              </div> <!-- configuration-method after -->
              <div class="configuration-method before">
                <span class="method-name">setupMethod(null)</span>
                <span class="method-start">42915 ms</span>
              </div> <!-- configuration-method before -->
            </div> <!-- chronological-class -->
            <div class="chronological-class">
              <div class="chronological-class-name">tests.SanaSprint2</div> <!-- chronological-class-name -->
              <div class="configuration-method after">
                <span class="method-name">teardownMethod([TestResult name=maxGiftCardAmount status=SUCCESS method=SanaSprint2.maxGiftCardAmount()[pri:0, inst...)</span>
                <span class="method-start">45163 ms</span>
              </div> <!-- configuration-method after -->
              <div class="configuration-method before">
                <span class="method-name">setupMethod(null)</span>
                <span class="method-start">48176 ms</span>
              </div> <!-- configuration-method before -->
            </div> <!-- chronological-class -->
            <div class="chronological-class">
              <div class="chronological-class-name">tests.KatyaSprint2</div> <!-- chronological-class-name -->
              <div class="test-method">
                <span class="method-name">test2WebsiteFooter</span>
                <span class="method-start">51056 ms</span>
              </div> <!-- test-method -->
            </div> <!-- chronological-class -->
            <div class="chronological-class">
              <div class="chronological-class-name">tests.KaterinaSprint2</div> <!-- chronological-class-name -->
              <div class="test-method">
                <span class="method-name">datesBookingPage(ATL, IAD, February, 1 , February, March, 1 , March)</span>
                <span class="method-start">52281 ms</span>
              </div> <!-- test-method -->
            </div> <!-- chronological-class -->
            <div class="chronological-class">
              <div class="chronological-class-name">tests.DilmuRodSprint2</div> <!-- chronological-class-name -->
              <div class="test-method">
                <img src="failed.png">
                </img>
                <span class="method-name">randomNumberOfPassengers</span>
                <span class="method-start">59509 ms</span>
              </div> <!-- test-method -->
            </div> <!-- chronological-class -->
            <div class="chronological-class">
              <div class="chronological-class-name">tests.SanaSprint2</div> <!-- chronological-class-name -->
              <div class="test-method">
                <span class="method-name">minGiftCardAmount</span>
                <span class="method-start">62896 ms</span>
              </div> <!-- test-method -->
            </div> <!-- chronological-class -->
            <div class="chronological-class">
              <div class="chronological-class-name">tests.KatyaSprint2</div> <!-- chronological-class-name -->
              <div class="configuration-method after">
                <span class="method-name">teardownMethod([TestResult name=test2WebsiteFooter status=SUCCESS method=KatyaSprint2.test2WebsiteFooter()[pri:0, i...)</span>
                <span class="method-start">69276 ms</span>
              </div> <!-- configuration-method after -->
              <div class="configuration-method before">
                <span class="method-name">setupMethod(null)</span>
                <span class="method-start">70177 ms</span>
              </div> <!-- configuration-method before -->
            </div> <!-- chronological-class -->
            <div class="chronological-class">
              <div class="chronological-class-name">tests.KaterinaSprint2</div> <!-- chronological-class-name -->
              <div class="configuration-method after">
                <span class="method-name">teardownMethod([TestResult name=datesBookingPage status=SUCCESS method=KaterinaSprint2.datesBookingPage(java.lang.S...)</span>
                <span class="method-start">70381 ms</span>
              </div> <!-- configuration-method after -->
              <div class="configuration-method before">
                <span class="method-name">setupMethod(null)</span>
                <span class="method-start">76360 ms</span>
              </div> <!-- configuration-method before -->
            </div> <!-- chronological-class -->
            <div class="chronological-class">
              <div class="chronological-class-name">tests.KatyaSprint2</div> <!-- chronological-class-name -->
              <div class="test-method">
                <span class="method-name">test3WebsiteFooter</span>
                <span class="method-start">88182 ms</span>
              </div> <!-- test-method -->
            </div> <!-- chronological-class -->
            <div class="chronological-class">
              <div class="chronological-class-name">tests.SanaSprint2</div> <!-- chronological-class-name -->
              <div class="configuration-method after">
                <span class="method-name">teardownMethod([TestResult name=minGiftCardAmount status=SUCCESS method=SanaSprint2.minGiftCardAmount()[pri:0, inst...)</span>
                <span class="method-start">88365 ms</span>
              </div> <!-- configuration-method after -->
              <div class="configuration-method before">
                <span class="method-name">setupMethod(null)</span>
                <span class="method-start">89473 ms</span>
              </div> <!-- configuration-method before -->
            </div> <!-- chronological-class -->
            <div class="chronological-class">
              <div class="chronological-class-name">tests.KaterinaSprint2</div> <!-- chronological-class-name -->
              <div class="test-method">
                <span class="method-name">feedbackBookingPage(Awesome!)</span>
                <span class="method-start">90361 ms</span>
              </div> <!-- test-method -->
            </div> <!-- chronological-class -->
            <div class="chronological-class">
              <div class="chronological-class-name">tests.KatyaSprint2</div> <!-- chronological-class-name -->
              <div class="configuration-method after">
                <span class="method-name">teardownMethod([TestResult name=test3WebsiteFooter status=SUCCESS method=KatyaSprint2.test3WebsiteFooter()[pri:0, i...)</span>
                <span class="method-start">94848 ms</span>
              </div> <!-- configuration-method after -->
              <div class="configuration-method before">
                <span class="method-name">setupMethod(null)</span>
                <span class="method-start">96277 ms</span>
              </div> <!-- configuration-method before -->
            </div> <!-- chronological-class -->
            <div class="chronological-class">
              <div class="chronological-class-name">tests.DilmuRodSprint2</div> <!-- chronological-class-name -->
              <div class="configuration-method after">
                <span class="method-name">teardownMethod([TestResult name=randomNumberOfPassengers status=FAILURE method=DilmuRodSprint2.randomNumberOfPassen...)</span>
                <span class="method-start">96348 ms</span>
              </div> <!-- configuration-method after -->
            </div> <!-- chronological-class -->
            <div class="chronological-class">
              <div class="chronological-class-name">tests.KaterinaSprint2</div> <!-- chronological-class-name -->
              <div class="configuration-method after">
                <span class="method-name">teardownMethod([TestResult name=feedbackBookingPage status=SUCCESS method=KaterinaSprint2.feedbackBookingPage(java....)</span>
                <span class="method-start">99507 ms</span>
              </div> <!-- configuration-method after -->
              <div class="configuration-method before">
                <span class="method-name">setupMethod(null)</span>
                <span class="method-start">101412 ms</span>
              </div> <!-- configuration-method before -->
            </div> <!-- chronological-class -->
            <div class="chronological-class">
              <div class="chronological-class-name">tests.SanaSprint2</div> <!-- chronological-class-name -->
              <div class="test-method">
                <span class="method-name">mismatchEmails</span>
                <span class="method-start">104070 ms</span>
              </div> <!-- test-method -->
            </div> <!-- chronological-class -->
            <div class="chronological-class">
              <div class="chronological-class-name">tests.DilmuRodSprint2</div> <!-- chronological-class-name -->
              <div class="configuration-method before">
                <span class="method-name">setupMethod(null)</span>
                <span class="method-start">107768 ms</span>
              </div> <!-- configuration-method before -->
            </div> <!-- chronological-class -->
            <div class="chronological-class">
              <div class="chronological-class-name">tests.KatyaSprint2</div> <!-- chronological-class-name -->
              <div class="test-method">
                <img src="failed.png">
                </img>
                <span class="method-name">test4WebsiteFooter</span>
                <span class="method-start">112269 ms</span>
              </div> <!-- test-method -->
              <div class="configuration-method after">
                <span class="method-name">teardownMethod([TestResult name=test4WebsiteFooter status=FAILURE method=KatyaSprint2.test4WebsiteFooter()[pri:0, i...)</span>
                <span class="method-start">113944 ms</span>
              </div> <!-- configuration-method after -->
              <div class="configuration-method before">
                <span class="method-name">setupMethod(null)</span>
                <span class="method-start">115679 ms</span>
              </div> <!-- configuration-method before -->
            </div> <!-- chronological-class -->
            <div class="chronological-class">
              <div class="chronological-class-name">tests.KaterinaSprint2</div> <!-- chronological-class-name -->
              <div class="test-method">
                <img src="failed.png">
                </img>
                <span class="method-name">modifyResultPage</span>
                <span class="method-start">117567 ms</span>
              </div> <!-- test-method -->
            </div> <!-- chronological-class -->
            <div class="chronological-class">
              <div class="chronological-class-name">tests.DilmuRodSprint2</div> <!-- chronological-class-name -->
              <div class="test-method">
                <span class="method-name">verifyAllLinksOnBookingPage</span>
                <span class="method-start">123577 ms</span>
              </div> <!-- test-method -->
            </div> <!-- chronological-class -->
            <div class="chronological-class">
              <div class="chronological-class-name">tests.KatyaSprint2</div> <!-- chronological-class-name -->
              <div class="test-method">
                <img src="failed.png">
                </img>
                <span class="method-name">test5WebsiteFooter</span>
                <span class="method-start">132728 ms</span>
              </div> <!-- test-method -->
              <div class="configuration-method after">
                <span class="method-name">teardownMethod([TestResult name=test5WebsiteFooter status=FAILURE method=KatyaSprint2.test5WebsiteFooter()[pri:0, i...)</span>
                <span class="method-start">134690 ms</span>
              </div> <!-- configuration-method after -->
              <div class="configuration-method before">
                <span class="method-name">setupMethod(null)</span>
                <span class="method-start">136328 ms</span>
              </div> <!-- configuration-method before -->
            </div> <!-- chronological-class -->
            <div class="chronological-class">
              <div class="chronological-class-name">tests.DilmuRodSprint2</div> <!-- chronological-class-name -->
              <div class="configuration-method after">
                <span class="method-name">teardownMethod([TestResult name=verifyAllLinksOnBookingPage status=SUCCESS method=DilmuRodSprint2.verifyAllLinksOnB...)</span>
                <span class="method-start">136348 ms</span>
              </div> <!-- configuration-method after -->
            </div> <!-- chronological-class -->
            <div class="chronological-class">
              <div class="chronological-class-name">tests.SanaSprint2</div> <!-- chronological-class-name -->
              <div class="configuration-method after">
                <span class="method-name">teardownMethod([TestResult name=mismatchEmails status=SUCCESS method=SanaSprint2.mismatchEmails()[pri:0, instance:t...)</span>
                <span class="method-start">136616 ms</span>
              </div> <!-- configuration-method after -->
            </div> <!-- chronological-class -->
            <div class="chronological-class">
              <div class="chronological-class-name">tests.KaterinaSprint2</div> <!-- chronological-class-name -->
              <div class="configuration-method after">
                <span class="method-name">teardownMethod([TestResult name=modifyResultPage status=FAILURE method=KaterinaSprint2.modifyResultPage()[pri:0, in...)</span>
                <span class="method-start">139996 ms</span>
              </div> <!-- configuration-method after -->
            </div> <!-- chronological-class -->
            <div class="chronological-class">
              <div class="chronological-class-name">tests.SanaSprint2</div> <!-- chronological-class-name -->
              <div class="configuration-method before">
                <span class="method-name">setupMethod(null)</span>
                <span class="method-start">141485 ms</span>
              </div> <!-- configuration-method before -->
            </div> <!-- chronological-class -->
            <div class="chronological-class">
              <div class="chronological-class-name">tests.DilmuRodSprint2</div> <!-- chronological-class-name -->
              <div class="configuration-method before">
                <span class="method-name">setupMethod(null)</span>
                <span class="method-start">146195 ms</span>
              </div> <!-- configuration-method before -->
            </div> <!-- chronological-class -->
            <div class="chronological-class">
              <div class="chronological-class-name">tests.KaterinaSprint2</div> <!-- chronological-class-name -->
              <div class="configuration-method before">
                <span class="method-name">setupMethod(null)</span>
                <span class="method-start">147223 ms</span>
              </div> <!-- configuration-method before -->
            </div> <!-- chronological-class -->
            <div class="chronological-class">
              <div class="chronological-class-name">tests.KatyaSprint2</div> <!-- chronological-class-name -->
              <div class="test-method">
                <span class="method-name">test6WebsiteFooter</span>
                <span class="method-start">151692 ms</span>
              </div> <!-- test-method -->
            </div> <!-- chronological-class -->
            <div class="chronological-class">
              <div class="chronological-class-name">tests.SanaSprint2</div> <!-- chronological-class-name -->
              <div class="test-method">
                <span class="method-name">negativeCreditCard</span>
                <span class="method-start">159603 ms</span>
              </div> <!-- test-method -->
            </div> <!-- chronological-class -->
            <div class="chronological-class">
              <div class="chronological-class-name">tests.KatyaSprint2</div> <!-- chronological-class-name -->
              <div class="configuration-method after">
                <span class="method-name">teardownMethod([TestResult name=test6WebsiteFooter status=SUCCESS method=KatyaSprint2.test6WebsiteFooter()[pri:0, i...)</span>
                <span class="method-start">162009 ms</span>
              </div> <!-- configuration-method after -->
            </div> <!-- chronological-class -->
            <div class="chronological-class">
              <div class="chronological-class-name">tests.DilmuRodSprint2</div> <!-- chronological-class-name -->
              <div class="test-method">
                <img src="failed.png">
                </img>
                <span class="method-name">verifyThreeDifferentSearchResul(ATL, MIA, March, 1 , March, May, 15 , May)</span>
                <span class="method-start">162789 ms</span>
              </div> <!-- test-method -->
            </div> <!-- chronological-class -->
            <div class="chronological-class">
              <div class="chronological-class-name">tests.KatyaSprint2</div> <!-- chronological-class-name -->
              <div class="configuration-method before">
                <span class="method-name">setupMethod(null)</span>
                <span class="method-start">164148 ms</span>
              </div> <!-- configuration-method before -->
            </div> <!-- chronological-class -->
            <div class="chronological-class">
              <div class="chronological-class-name">tests.KaterinaSprint2</div> <!-- chronological-class-name -->
              <div class="test-method">
                <img src="failed.png">
                </img>
                <span class="method-name">priceSliderResultsPage</span>
                <span class="method-start">166804 ms</span>
              </div> <!-- test-method -->
            </div> <!-- chronological-class -->
            <div class="chronological-class">
              <div class="chronological-class-name">tests.KatyaSprint2</div> <!-- chronological-class-name -->
              <div class="test-method">
                <span class="method-name">test7WebsiteFooter</span>
                <span class="method-start">179783 ms</span>
              </div> <!-- test-method -->
            </div> <!-- chronological-class -->
            <div class="chronological-class">
              <div class="chronological-class-name">tests.DilmuRodSprint2</div> <!-- chronological-class-name -->
              <div class="configuration-method after">
                <span class="method-name">teardownMethod([TestResult name=verifyThreeDifferentSearchResul status=FAILURE method=DilmuRodSprint2.verifyThreeDi...)</span>
                <span class="method-start">192444 ms</span>
              </div> <!-- configuration-method after -->
              <div class="configuration-method before">
                <span class="method-name">setupMethod(null)</span>
                <span class="method-start">194646 ms</span>
              </div> <!-- configuration-method before -->
            </div> <!-- chronological-class -->
            <div class="chronological-class">
              <div class="chronological-class-name">tests.KatyaSprint2</div> <!-- chronological-class-name -->
              <div class="configuration-method after">
                <span class="method-name">teardownMethod([TestResult name=test7WebsiteFooter status=SUCCESS method=KatyaSprint2.test7WebsiteFooter()[pri:0, i...)</span>
                <span class="method-start">198737 ms</span>
              </div> <!-- configuration-method after -->
              <div class="configuration-method before">
                <span class="method-name">setupMethod(null)</span>
                <span class="method-start">199732 ms</span>
              </div> <!-- configuration-method before -->
            </div> <!-- chronological-class -->
            <div class="chronological-class">
              <div class="chronological-class-name">tests.SanaSprint2</div> <!-- chronological-class-name -->
              <div class="configuration-method after">
                <span class="method-name">teardownMethod([TestResult name=negativeCreditCard status=SUCCESS method=SanaSprint2.negativeCreditCard()[pri:0, in...)</span>
                <span class="method-start">200254 ms</span>
              </div> <!-- configuration-method after -->
            </div> <!-- chronological-class -->
            <div class="chronological-class">
              <div class="chronological-class-name">tests.KaterinaSprint2</div> <!-- chronological-class-name -->
              <div class="configuration-method after">
                <span class="method-name">teardownMethod([TestResult name=priceSliderResultsPage status=FAILURE method=KaterinaSprint2.priceSliderResultsPage...)</span>
                <span class="method-start">201023 ms</span>
              </div> <!-- configuration-method after -->
            </div> <!-- chronological-class -->
            <div class="chronological-class">
              <div class="chronological-class-name">tests.SanaSprint2</div> <!-- chronological-class-name -->
              <div class="configuration-method before">
                <span class="method-name">setupMethod(null)</span>
                <span class="method-start">204561 ms</span>
              </div> <!-- configuration-method before -->
            </div> <!-- chronological-class -->
            <div class="chronological-class">
              <div class="chronological-class-name">tests.KaterinaSprint2</div> <!-- chronological-class-name -->
              <div class="configuration-method before">
                <span class="method-name">setupMethod(null)</span>
                <span class="method-start">205580 ms</span>
              </div> <!-- configuration-method before -->
            </div> <!-- chronological-class -->
            <div class="chronological-class">
              <div class="chronological-class-name">tests.DilmuRodSprint2</div> <!-- chronological-class-name -->
              <div class="test-method">
                <span class="method-name">verifyThreeDifferentSearchResults(ATL, NYC, March, 1 , March, May, 15 , May)</span>
                <span class="method-start">208268 ms</span>
              </div> <!-- test-method -->
            </div> <!-- chronological-class -->
            <div class="chronological-class">
              <div class="chronological-class-name">tests.KatyaSprint2</div> <!-- chronological-class-name -->
              <div class="test-method">
                <img src="failed.png">
                </img>
                <span class="method-name">test8WebsiteFooter</span>
                <span class="method-start">214894 ms</span>
              </div> <!-- test-method -->
              <div class="configuration-method after">
                <span class="method-name">teardownMethod([TestResult name=test8WebsiteFooter status=FAILURE method=KatyaSprint2.test8WebsiteFooter()[pri:0, i...)</span>
                <span class="method-start">218365 ms</span>
              </div> <!-- configuration-method after -->
            </div> <!-- chronological-class -->
            <div class="chronological-class">
              <div class="chronological-class-name">tests.SanaSprint2</div> <!-- chronological-class-name -->
              <div class="test-method">
                <span class="method-name">nonEngSenderName(Testee, test cihazÄ±)</span>
                <span class="method-start">220368 ms</span>
              </div> <!-- test-method -->
            </div> <!-- chronological-class -->
            <div class="chronological-class">
              <div class="chronological-class-name">tests.KaterinaSprint2</div> <!-- chronological-class-name -->
              <div class="test-method">
                <img src="failed.png">
                </img>
                <span class="method-name">productExpResultsPage</span>
                <span class="method-start">224138 ms</span>
              </div> <!-- test-method -->
            </div> <!-- chronological-class -->
            <div class="chronological-class">
              <div class="chronological-class-name">tests.DilmuRodSprint2</div> <!-- chronological-class-name -->
              <div class="configuration-method after">
                <span class="method-name">teardownMethod([TestResult name=verifyThreeDifferentSearchResults status=SUCCESS method=DilmuRodSprint2.verifyThree...)</span>
                <span class="method-start">226645 ms</span>
              </div> <!-- configuration-method after -->
            </div> <!-- chronological-class -->
            <div class="chronological-class">
              <div class="chronological-class-name">tests.SanaSprint2</div> <!-- chronological-class-name -->
              <div class="configuration-method after">
                <span class="method-name">teardownMethod([TestResult name=nonEngSenderName status=SUCCESS method=SanaSprint2.nonEngSenderName(java.lang.Strin...)</span>
                <span class="method-start">241175 ms</span>
              </div> <!-- configuration-method after -->
              <div class="configuration-method before">
                <span class="method-name">setupMethod(null)</span>
                <span class="method-start">242275 ms</span>
              </div> <!-- configuration-method before -->
              <div class="test-method">
                <span class="method-name">nonEngSenderName(Testee, tester007)</span>
                <span class="method-start">257199 ms</span>
              </div> <!-- test-method -->
            </div> <!-- chronological-class -->
            <div class="chronological-class">
              <div class="chronological-class-name">tests.KaterinaSprint2</div> <!-- chronological-class-name -->
              <div class="configuration-method after">
                <span class="method-name">teardownMethod([TestResult name=productExpResultsPage status=FAILURE method=KaterinaSprint2.productExpResultsPage()...)</span>
                <span class="method-start">267740 ms</span>
              </div> <!-- configuration-method after -->
            </div> <!-- chronological-class -->
            <div class="chronological-class">
              <div class="chronological-class-name">tests.SanaSprint2</div> <!-- chronological-class-name -->
              <div class="configuration-method after">
                <span class="method-name">teardownMethod([TestResult name=nonEngSenderName status=SUCCESS method=SanaSprint2.nonEngSenderName(java.lang.Strin...)</span>
                <span class="method-start">276671 ms</span>
              </div> <!-- configuration-method after -->
              <div class="configuration-method before">
                <span class="method-name">setupMethod(null)</span>
                <span class="method-start">277542 ms</span>
              </div> <!-- configuration-method before -->
              <div class="test-method">
                <span class="method-name">nonEngSenderName(Testee, æµ‹è¯•äººå‘˜)</span>
                <span class="method-start">290867 ms</span>
              </div> <!-- test-method -->
              <div class="configuration-method after">
                <span class="method-name">teardownMethod([TestResult name=nonEngSenderName status=SUCCESS method=SanaSprint2.nonEngSenderName(java.lang.Strin...)</span>
                <span class="method-start">306929 ms</span>
              </div> <!-- configuration-method after -->
              <div class="configuration-method before">
                <span class="method-name">setupMethod(null)</span>
                <span class="method-start">307817 ms</span>
              </div> <!-- configuration-method before -->
              <div class="test-method">
                <span class="method-name">nonEngSenderName(Testee, Ø§Ø®ØªØ¨Ø§Ø±)</span>
                <span class="method-start">322095 ms</span>
              </div> <!-- test-method -->
              <div class="configuration-method after">
                <span class="method-name">teardownMethod([TestResult name=nonEngSenderName status=SUCCESS method=SanaSprint2.nonEngSenderName(java.lang.Strin...)</span>
                <span class="method-start">340191 ms</span>
              </div> <!-- configuration-method after -->
              <div class="configuration-method before">
                <span class="method-name">setupMethod(null)</span>
                <span class="method-start">341049 ms</span>
              </div> <!-- configuration-method before -->
              <div class="test-method">
                <span class="method-name">nonEngSenderName(Testee, 000000)</span>
                <span class="method-start">353560 ms</span>
              </div> <!-- test-method -->
              <div class="configuration-method after">
                <span class="method-name">teardownMethod([TestResult name=nonEngSenderName status=SUCCESS method=SanaSprint2.nonEngSenderName(java.lang.Strin...)</span>
                <span class="method-start">371709 ms</span>
              </div> <!-- configuration-method after -->
              <div class="configuration-method before">
                <span class="method-name">setupMethod(null)</span>
                <span class="method-start">372731 ms</span>
              </div> <!-- configuration-method before -->
              <div class="test-method">
                <span class="method-name">verifyGiftCardLink</span>
                <span class="method-start">385111 ms</span>
              </div> <!-- test-method -->
              <div class="configuration-method after">
                <span class="method-name">teardownMethod([TestResult name=verifyGiftCardLink status=SUCCESS method=SanaSprint2.verifyGiftCardLink()[pri:0, in...)</span>
                <span class="method-start">386900 ms</span>
              </div> <!-- configuration-method after -->
            </div> <!-- chronological-class -->
            <div class="chronological-class">
              <div class="chronological-class-name">tests.DilmuRodSprint2</div> <!-- chronological-class-name -->
              <div class="configuration-suite after">
                <span class="method-name">tearDownReport</span>
                <span class="method-start">388003 ms</span>
              </div> <!-- configuration-suite after -->
          </div> <!-- main-panel-content rounded-window-bottom -->
        </div> <!-- panel -->
        <div panel-name="chronological-Failed_suite__Crossbrowser_Tests_" class="panel">
          <div class="main-panel-header rounded-window-top">
            <span class="header-content">Methods in chronological order</span>
          </div> <!-- main-panel-header rounded-window-top -->
          <div class="main-panel-content rounded-window-bottom">
            <div class="chronological-class">
              <div class="chronological-class-name">tests.KaterinaSprint2</div> <!-- chronological-class-name -->
              <div class="configuration-suite before">
                <span class="method-name">setUpReport</span>
                <span class="method-start">0 ms</span>
              </div> <!-- configuration-suite before -->
              <div class="configuration-method before">
                <span class="method-name">setupMethod(firefox)</span>
                <span class="method-start">9 ms</span>
              </div> <!-- configuration-method before -->
              <div class="test-method">
                <span class="method-name">datesBookingPage(ATL, IAD, February, 1 , February, March, 1 , March)</span>
                <span class="method-start">14511 ms</span>
              </div> <!-- test-method -->
              <div class="configuration-method after">
                <span class="method-name">teardownMethod([TestResult name=datesBookingPage status=SUCCESS method=KaterinaSprint2.datesBookingPage(java.lang.S...)</span>
                <span class="method-start">26293 ms</span>
              </div> <!-- configuration-method after -->
              <div class="configuration-suite after">
                <span class="method-name">tearDownReport</span>
                <span class="method-start">28893 ms</span>
              </div> <!-- configuration-suite after -->
          </div> <!-- main-panel-content rounded-window-bottom -->
        </div> <!-- panel -->
      </div> <!-- main-panel-root -->
    </div> <!-- wrapper -->
  </body>
<script type="text/javascript" src="testng-reports2.js"></script>
</html>
