<?xml version="1.0" encoding="UTF-8"?>
<testng-results skipped="0" failed="6" ignored="0" total="24" passed="18">
  <reporter-output>
  </reporter-output>
  <suite name="Crossbrowser Tests" duration-ms="207371" started-at="2021-01-21T14:56:38 EST" finished-at="2021-01-21T15:00:05 EST">
    <groups>
    </groups>
    <test name="Headless Chrome Test" duration-ms="191269" started-at="2021-01-21T14:56:38 EST" finished-at="2021-01-21T14:59:49 EST">
      <class name="tests.KaterinaSprint2">
        <test-method status="PASS" signature="setUpReport()[pri:0, instance:tests.KaterinaSprint2@2bea5ab4]" name="setUpReport" is-config="true" duration-ms="283" started-at="2021-01-21T14:56:37 EST" finished-at="2021-01-21T14:56:38 EST">
          <reporter-output>
          </reporter-output>
        </test-method> <!-- setUpReport -->
        <test-method status="PASS" signature="setupMethod(java.lang.String)[pri:0, instance:tests.KaterinaSprint2@2bea5ab4]" name="setupMethod" is-config="true" duration-ms="24704" started-at="2021-01-21T14:56:38 EST" finished-at="2021-01-21T14:57:02 EST">
          <params>
            <param index="0">
              <value>
                <![CDATA[headlesschrome]]>
              </value>
            </param>
          </params>
          <reporter-output>
          </reporter-output>
        </test-method> <!-- setupMethod -->
        <test-method status="FAIL" signature="cityFullNameBookingPage(java.lang.String, java.lang.String, java.lang.String, java.lang.String, java.lang.String, java.lang.String)[pri:0, instance:tests.KaterinaSprint2@2bea5ab4]" name="cityFullNameBookingPage" duration-ms="18031" started-at="2021-01-21T14:57:02 EST" data-provider="getCity" finished-at="2021-01-21T14:57:20 EST">
          <params>
            <param index="0">
              <value>
                <![CDATA[Atlanta]]>
              </value>
            </param>
            <param index="1">
              <value>
                <![CDATA[Atlanta]]>
              </value>
            </param>
            <param index="2">
              <value>
                <![CDATA[Washington]]>
              </value>
            </param>
            <param index="3">
              <value>
                <![CDATA[Washington]]>
              </value>
            </param>
            <param index="4">
              <value>
                <![CDATA[Atlanta]]>
              </value>
            </param>
            <param index="5">
              <value>
                <![CDATA[Washington]]>
              </value>
            </param>
          </params>
          <exception class="org.openqa.selenium.NoSuchElementException">
            <message>
              <![CDATA[no such element: Unable to locate element: {"method":"css selector","selector":"#fromAirportName"}
  (Session info: headless chrome=87.0.4280.141)
For documentation on this error, please visit: https://www.seleniumhq.org/exceptions/no_such_element.html
Build info: version: '3.141.59', revision: 'e82be7d358', time: '2018-11-14T08:17:03'
System info: host: 'LAPTOP-MC2FHNDC', ip: '192.168.1.102', os.name: 'Windows 10', os.arch: 'amd64', os.version: '10.0', java.version: '1.8.0_261'
Driver info: org.openqa.selenium.chrome.ChromeDriver
Capabilities {acceptInsecureCerts: false, browserName: chrome, browserVersion: 87.0.4280.141, chrome: {chromedriverVersion: 87.0.4280.88 (89e2380a3e36c..., userDataDir: C:\Users\eesha\AppData\Loca...}, goog:chromeOptions: {debuggerAddress: localhost:59229}, javascriptEnabled: true, networkConnectionEnabled: false, pageLoadStrategy: normal, platform: WINDOWS, platformName: WINDOWS, proxy: Proxy(), setWindowRect: true, strictFileInteractability: false, timeouts: {implicit: 0, pageLoad: 300000, script: 30000}, unhandledPromptBehavior: dismiss and notify, webauthn:virtualAuthenticators: true}
Session ID: ac594c75c99f616810ead60c6471df92
*** Element info: {Using=id, value=fromAirportName}]]>
            </message>
            <full-stacktrace>
              <![CDATA[org.openqa.selenium.NoSuchElementException: no such element: Unable to locate element: {"method":"css selector","selector":"#fromAirportName"}
  (Session info: headless chrome=87.0.4280.141)
For documentation on this error, please visit: https://www.seleniumhq.org/exceptions/no_such_element.html
Build info: version: '3.141.59', revision: 'e82be7d358', time: '2018-11-14T08:17:03'
System info: host: 'LAPTOP-MC2FHNDC', ip: '192.168.1.102', os.name: 'Windows 10', os.arch: 'amd64', os.version: '10.0', java.version: '1.8.0_261'
Driver info: org.openqa.selenium.chrome.ChromeDriver
Capabilities {acceptInsecureCerts: false, browserName: chrome, browserVersion: 87.0.4280.141, chrome: {chromedriverVersion: 87.0.4280.88 (89e2380a3e36c..., userDataDir: C:\Users\eesha\AppData\Loca...}, goog:chromeOptions: {debuggerAddress: localhost:59229}, javascriptEnabled: true, networkConnectionEnabled: false, pageLoadStrategy: normal, platform: WINDOWS, platformName: WINDOWS, proxy: Proxy(), setWindowRect: true, strictFileInteractability: false, timeouts: {implicit: 0, pageLoad: 300000, script: 30000}, unhandledPromptBehavior: dismiss and notify, webauthn:virtualAuthenticators: true}
Session ID: ac594c75c99f616810ead60c6471df92
*** Element info: {Using=id, value=fromAirportName}
at sun.reflect.NativeConstructorAccessorImpl.newInstance0(Native Method)
at sun.reflect.NativeConstructorAccessorImpl.newInstance(NativeConstructorAccessorImpl.java:62)
at sun.reflect.DelegatingConstructorAccessorImpl.newInstance(DelegatingConstructorAccessorImpl.java:45)
at java.lang.reflect.Constructor.newInstance(Constructor.java:423)
at org.openqa.selenium.remote.http.W3CHttpResponseCodec.createException(W3CHttpResponseCodec.java:187)
at org.openqa.selenium.remote.http.W3CHttpResponseCodec.decode(W3CHttpResponseCodec.java:122)
at org.openqa.selenium.remote.http.W3CHttpResponseCodec.decode(W3CHttpResponseCodec.java:49)
at org.openqa.selenium.remote.HttpCommandExecutor.execute(HttpCommandExecutor.java:158)
at org.openqa.selenium.remote.service.DriverCommandExecutor.execute(DriverCommandExecutor.java:83)
at org.openqa.selenium.remote.RemoteWebDriver.execute(RemoteWebDriver.java:552)
at org.openqa.selenium.remote.RemoteWebDriver.findElement(RemoteWebDriver.java:323)
at org.openqa.selenium.remote.RemoteWebDriver.findElementById(RemoteWebDriver.java:372)
at org.openqa.selenium.By$ById.findElement(By.java:188)
at org.openqa.selenium.remote.RemoteWebDriver.findElement(RemoteWebDriver.java:315)
at org.openqa.selenium.support.pagefactory.DefaultElementLocator.findElement(DefaultElementLocator.java:69)
at org.openqa.selenium.support.pagefactory.internal.LocatingElementHandler.invoke(LocatingElementHandler.java:38)
at com.sun.proxy.$Proxy14.sendKeys(Unknown Source)
at tests.KaterinaSprint2.cityFullNameBookingPage(KaterinaSprint2.java:107)
at sun.reflect.NativeMethodAccessorImpl.invoke0(Native Method)
at sun.reflect.NativeMethodAccessorImpl.invoke(NativeMethodAccessorImpl.java:62)
at sun.reflect.DelegatingMethodAccessorImpl.invoke(DelegatingMethodAccessorImpl.java:43)
at java.lang.reflect.Method.invoke(Method.java:498)
at org.testng.internal.MethodInvocationHelper.invokeMethod(MethodInvocationHelper.java:132)
at org.testng.internal.TestInvoker.invokeMethod(TestInvoker.java:599)
at org.testng.internal.TestInvoker.invokeTestMethod(TestInvoker.java:174)
at org.testng.internal.MethodRunner.runInSequence(MethodRunner.java:46)
at org.testng.internal.TestInvoker$MethodInvocationAgent.invoke(TestInvoker.java:822)
at org.testng.internal.TestInvoker.invokeTestMethods(TestInvoker.java:147)
at org.testng.internal.TestMethodWorker.invokeTestMethods(TestMethodWorker.java:146)
at org.testng.internal.TestMethodWorker.run(TestMethodWorker.java:128)
at java.util.ArrayList.forEach(ArrayList.java:1259)
at org.testng.TestRunner.privateRun(TestRunner.java:764)
at org.testng.TestRunner.run(TestRunner.java:585)
at org.testng.SuiteRunner.runTest(SuiteRunner.java:384)
at org.testng.SuiteRunner.access$000(SuiteRunner.java:28)
at org.testng.SuiteRunner$SuiteWorker.run(SuiteRunner.java:425)
at org.testng.internal.thread.ThreadUtil.lambda$execute$0(ThreadUtil.java:66)
at java.util.concurrent.FutureTask.run(FutureTask.java:266)
at java.util.concurrent.ThreadPoolExecutor.runWorker(ThreadPoolExecutor.java:1149)
at java.util.concurrent.ThreadPoolExecutor$Worker.run(ThreadPoolExecutor.java:624)
at java.lang.Thread.run(Thread.java:748)
]]>
            </full-stacktrace>
          </exception> <!-- org.openqa.selenium.NoSuchElementException -->
          <reporter-output>
          </reporter-output>
        </test-method> <!-- cityFullNameBookingPage -->
        <test-method status="PASS" signature="teardownMethod(org.testng.ITestResult)[pri:0, instance:tests.KaterinaSprint2@2bea5ab4]" name="teardownMethod" is-config="true" duration-ms="1116" started-at="2021-01-21T14:57:20 EST" finished-at="2021-01-21T14:57:21 EST">
          <params>
            <param index="0">
              <value>
                <![CDATA[[TestResult name=cityFullNameBookingPage status=FAILURE method=KaterinaSprint2.cityFullNameBookingPage(java.lang.String, java.lang.String, java.lang.String, java.lang.String, java.lang.String, java.lang.String)[pri:0, instance:tests.KaterinaSprint2@2bea5ab4] output={null}]]]>
              </value>
            </param>
          </params>
          <reporter-output>
          </reporter-output>
        </test-method> <!-- teardownMethod -->
        <test-method status="PASS" signature="setupMethod(java.lang.String)[pri:0, instance:tests.KaterinaSprint2@2bea5ab4]" name="setupMethod" is-config="true" duration-ms="8442" started-at="2021-01-21T14:57:21 EST" finished-at="2021-01-21T14:57:30 EST">
          <params>
            <param index="0">
              <value>
                <![CDATA[headlesschrome]]>
              </value>
            </param>
          </params>
          <reporter-output>
          </reporter-output>
        </test-method> <!-- setupMethod -->
        <test-method status="FAIL" signature="datesBookingPage(java.lang.String, java.lang.String, java.lang.String, java.lang.String, java.lang.String, java.lang.String, java.lang.String, java.lang.String)[pri:0, instance:tests.KaterinaSprint2@2bea5ab4]" name="datesBookingPage" duration-ms="17667" started-at="2021-01-21T14:57:30 EST" data-provider="getDates" finished-at="2021-01-21T14:57:48 EST">
          <params>
            <param index="0">
              <value>
                <![CDATA[ATL]]>
              </value>
            </param>
            <param index="1">
              <value>
                <![CDATA[IAD]]>
              </value>
            </param>
            <param index="2">
              <value>
                <![CDATA[February]]>
              </value>
            </param>
            <param index="3">
              <value>
                <![CDATA[February]]>
              </value>
            </param>
            <param index="4">
              <value>
                <![CDATA[1 ]]>
              </value>
            </param>
            <param index="5">
              <value>
                <![CDATA[March]]>
              </value>
            </param>
            <param index="6">
              <value>
                <![CDATA[March]]>
              </value>
            </param>
            <param index="7">
              <value>
                <![CDATA[1 ]]>
              </value>
            </param>
          </params>
          <exception class="org.openqa.selenium.NoSuchElementException">
            <message>
              <![CDATA[no such element: Unable to locate element: {"method":"css selector","selector":"#fromAirportName"}
  (Session info: headless chrome=87.0.4280.141)
For documentation on this error, please visit: https://www.seleniumhq.org/exceptions/no_such_element.html
Build info: version: '3.141.59', revision: 'e82be7d358', time: '2018-11-14T08:17:03'
System info: host: 'LAPTOP-MC2FHNDC', ip: '192.168.1.102', os.name: 'Windows 10', os.arch: 'amd64', os.version: '10.0', java.version: '1.8.0_261'
Driver info: org.openqa.selenium.chrome.ChromeDriver
Capabilities {acceptInsecureCerts: false, browserName: chrome, browserVersion: 87.0.4280.141, chrome: {chromedriverVersion: 87.0.4280.88 (89e2380a3e36c..., userDataDir: C:\Users\eesha\AppData\Loca...}, goog:chromeOptions: {debuggerAddress: localhost:59564}, javascriptEnabled: true, networkConnectionEnabled: false, pageLoadStrategy: normal, platform: WINDOWS, platformName: WINDOWS, proxy: Proxy(), setWindowRect: true, strictFileInteractability: false, timeouts: {implicit: 0, pageLoad: 300000, script: 30000}, unhandledPromptBehavior: dismiss and notify, webauthn:virtualAuthenticators: true}
Session ID: 93895c3f532fc0646861a41e583d3bd5
*** Element info: {Using=id, value=fromAirportName}]]>
            </message>
            <full-stacktrace>
              <![CDATA[org.openqa.selenium.NoSuchElementException: no such element: Unable to locate element: {"method":"css selector","selector":"#fromAirportName"}
  (Session info: headless chrome=87.0.4280.141)
For documentation on this error, please visit: https://www.seleniumhq.org/exceptions/no_such_element.html
Build info: version: '3.141.59', revision: 'e82be7d358', time: '2018-11-14T08:17:03'
System info: host: 'LAPTOP-MC2FHNDC', ip: '192.168.1.102', os.name: 'Windows 10', os.arch: 'amd64', os.version: '10.0', java.version: '1.8.0_261'
Driver info: org.openqa.selenium.chrome.ChromeDriver
Capabilities {acceptInsecureCerts: false, browserName: chrome, browserVersion: 87.0.4280.141, chrome: {chromedriverVersion: 87.0.4280.88 (89e2380a3e36c..., userDataDir: C:\Users\eesha\AppData\Loca...}, goog:chromeOptions: {debuggerAddress: localhost:59564}, javascriptEnabled: true, networkConnectionEnabled: false, pageLoadStrategy: normal, platform: WINDOWS, platformName: WINDOWS, proxy: Proxy(), setWindowRect: true, strictFileInteractability: false, timeouts: {implicit: 0, pageLoad: 300000, script: 30000}, unhandledPromptBehavior: dismiss and notify, webauthn:virtualAuthenticators: true}
Session ID: 93895c3f532fc0646861a41e583d3bd5
*** Element info: {Using=id, value=fromAirportName}
at sun.reflect.NativeConstructorAccessorImpl.newInstance0(Native Method)
at sun.reflect.NativeConstructorAccessorImpl.newInstance(NativeConstructorAccessorImpl.java:62)
at sun.reflect.DelegatingConstructorAccessorImpl.newInstance(DelegatingConstructorAccessorImpl.java:45)
at java.lang.reflect.Constructor.newInstance(Constructor.java:423)
at org.openqa.selenium.remote.http.W3CHttpResponseCodec.createException(W3CHttpResponseCodec.java:187)
at org.openqa.selenium.remote.http.W3CHttpResponseCodec.decode(W3CHttpResponseCodec.java:122)
at org.openqa.selenium.remote.http.W3CHttpResponseCodec.decode(W3CHttpResponseCodec.java:49)
at org.openqa.selenium.remote.HttpCommandExecutor.execute(HttpCommandExecutor.java:158)
at org.openqa.selenium.remote.service.DriverCommandExecutor.execute(DriverCommandExecutor.java:83)
at org.openqa.selenium.remote.RemoteWebDriver.execute(RemoteWebDriver.java:552)
at org.openqa.selenium.remote.RemoteWebDriver.findElement(RemoteWebDriver.java:323)
at org.openqa.selenium.remote.RemoteWebDriver.findElementById(RemoteWebDriver.java:372)
at org.openqa.selenium.By$ById.findElement(By.java:188)
at org.openqa.selenium.remote.RemoteWebDriver.findElement(RemoteWebDriver.java:315)
at org.openqa.selenium.support.pagefactory.DefaultElementLocator.findElement(DefaultElementLocator.java:69)
at org.openqa.selenium.support.pagefactory.internal.LocatingElementHandler.invoke(LocatingElementHandler.java:38)
at com.sun.proxy.$Proxy14.sendKeys(Unknown Source)
at tests.KaterinaSprint2.datesBookingPage(KaterinaSprint2.java:69)
at sun.reflect.NativeMethodAccessorImpl.invoke0(Native Method)
at sun.reflect.NativeMethodAccessorImpl.invoke(NativeMethodAccessorImpl.java:62)
at sun.reflect.DelegatingMethodAccessorImpl.invoke(DelegatingMethodAccessorImpl.java:43)
at java.lang.reflect.Method.invoke(Method.java:498)
at org.testng.internal.MethodInvocationHelper.invokeMethod(MethodInvocationHelper.java:132)
at org.testng.internal.TestInvoker.invokeMethod(TestInvoker.java:599)
at org.testng.internal.TestInvoker.invokeTestMethod(TestInvoker.java:174)
at org.testng.internal.MethodRunner.runInSequence(MethodRunner.java:46)
at org.testng.internal.TestInvoker$MethodInvocationAgent.invoke(TestInvoker.java:822)
at org.testng.internal.TestInvoker.invokeTestMethods(TestInvoker.java:147)
at org.testng.internal.TestMethodWorker.invokeTestMethods(TestMethodWorker.java:146)
at org.testng.internal.TestMethodWorker.run(TestMethodWorker.java:128)
at java.util.ArrayList.forEach(ArrayList.java:1259)
at org.testng.TestRunner.privateRun(TestRunner.java:764)
at org.testng.TestRunner.run(TestRunner.java:585)
at org.testng.SuiteRunner.runTest(SuiteRunner.java:384)
at org.testng.SuiteRunner.access$000(SuiteRunner.java:28)
at org.testng.SuiteRunner$SuiteWorker.run(SuiteRunner.java:425)
at org.testng.internal.thread.ThreadUtil.lambda$execute$0(ThreadUtil.java:66)
at java.util.concurrent.FutureTask.run(FutureTask.java:266)
at java.util.concurrent.ThreadPoolExecutor.runWorker(ThreadPoolExecutor.java:1149)
at java.util.concurrent.ThreadPoolExecutor$Worker.run(ThreadPoolExecutor.java:624)
at java.lang.Thread.run(Thread.java:748)
]]>
            </full-stacktrace>
          </exception> <!-- org.openqa.selenium.NoSuchElementException -->
          <reporter-output>
          </reporter-output>
        </test-method> <!-- datesBookingPage -->
        <test-method status="PASS" signature="teardownMethod(org.testng.ITestResult)[pri:0, instance:tests.KaterinaSprint2@2bea5ab4]" name="teardownMethod" is-config="true" duration-ms="7119" started-at="2021-01-21T14:57:48 EST" finished-at="2021-01-21T14:57:55 EST">
          <params>
            <param index="0">
              <value>
                <![CDATA[[TestResult name=datesBookingPage status=FAILURE method=KaterinaSprint2.datesBookingPage(java.lang.String, java.lang.String, java.lang.String, java.lang.String, java.lang.String, java.lang.String, java.lang.String, java.lang.String)[pri:0, instance:tests.KaterinaSprint2@2bea5ab4] output={null}]]]>
              </value>
            </param>
          </params>
          <reporter-output>
          </reporter-output>
        </test-method> <!-- teardownMethod -->
        <test-method status="PASS" signature="setupMethod(java.lang.String)[pri:0, instance:tests.KaterinaSprint2@2bea5ab4]" name="setupMethod" is-config="true" duration-ms="15410" started-at="2021-01-21T14:57:55 EST" finished-at="2021-01-21T14:58:10 EST">
          <params>
            <param index="0">
              <value>
                <![CDATA[headlesschrome]]>
              </value>
            </param>
          </params>
          <reporter-output>
          </reporter-output>
        </test-method> <!-- setupMethod -->
        <test-method status="FAIL" signature="feedbackBookingPage()[pri:0, instance:tests.KaterinaSprint2@2bea5ab4]" name="feedbackBookingPage" duration-ms="15026" started-at="2021-01-21T14:58:10 EST" finished-at="2021-01-21T14:58:25 EST">
          <exception class="org.openqa.selenium.NoSuchElementException">
            <message>
              <![CDATA[no such element: Unable to locate element: {"method":"xpath","selector":"//button[@class='cookie-close-icon float-right circle-outline']"}
  (Session info: headless chrome=87.0.4280.141)
For documentation on this error, please visit: https://www.seleniumhq.org/exceptions/no_such_element.html
Build info: version: '3.141.59', revision: 'e82be7d358', time: '2018-11-14T08:17:03'
System info: host: 'LAPTOP-MC2FHNDC', ip: '192.168.1.102', os.name: 'Windows 10', os.arch: 'amd64', os.version: '10.0', java.version: '1.8.0_261'
Driver info: org.openqa.selenium.chrome.ChromeDriver
Capabilities {acceptInsecureCerts: false, browserName: chrome, browserVersion: 87.0.4280.141, chrome: {chromedriverVersion: 87.0.4280.88 (89e2380a3e36c..., userDataDir: C:\Users\eesha\AppData\Loca...}, goog:chromeOptions: {debuggerAddress: localhost:60060}, javascriptEnabled: true, networkConnectionEnabled: false, pageLoadStrategy: normal, platform: WINDOWS, platformName: WINDOWS, proxy: Proxy(), setWindowRect: true, strictFileInteractability: false, timeouts: {implicit: 0, pageLoad: 300000, script: 30000}, unhandledPromptBehavior: dismiss and notify, webauthn:virtualAuthenticators: true}
Session ID: c12a78456f884358877ba88b39b9129e
*** Element info: {Using=xpath, value=//button[@class='cookie-close-icon float-right circle-outline']}]]>
            </message>
            <full-stacktrace>
              <![CDATA[org.openqa.selenium.NoSuchElementException: no such element: Unable to locate element: {"method":"xpath","selector":"//button[@class='cookie-close-icon float-right circle-outline']"}
  (Session info: headless chrome=87.0.4280.141)
For documentation on this error, please visit: https://www.seleniumhq.org/exceptions/no_such_element.html
Build info: version: '3.141.59', revision: 'e82be7d358', time: '2018-11-14T08:17:03'
System info: host: 'LAPTOP-MC2FHNDC', ip: '192.168.1.102', os.name: 'Windows 10', os.arch: 'amd64', os.version: '10.0', java.version: '1.8.0_261'
Driver info: org.openqa.selenium.chrome.ChromeDriver
Capabilities {acceptInsecureCerts: false, browserName: chrome, browserVersion: 87.0.4280.141, chrome: {chromedriverVersion: 87.0.4280.88 (89e2380a3e36c..., userDataDir: C:\Users\eesha\AppData\Loca...}, goog:chromeOptions: {debuggerAddress: localhost:60060}, javascriptEnabled: true, networkConnectionEnabled: false, pageLoadStrategy: normal, platform: WINDOWS, platformName: WINDOWS, proxy: Proxy(), setWindowRect: true, strictFileInteractability: false, timeouts: {implicit: 0, pageLoad: 300000, script: 30000}, unhandledPromptBehavior: dismiss and notify, webauthn:virtualAuthenticators: true}
Session ID: c12a78456f884358877ba88b39b9129e
*** Element info: {Using=xpath, value=//button[@class='cookie-close-icon float-right circle-outline']}
at sun.reflect.NativeConstructorAccessorImpl.newInstance0(Native Method)
at sun.reflect.NativeConstructorAccessorImpl.newInstance(NativeConstructorAccessorImpl.java:62)
at sun.reflect.DelegatingConstructorAccessorImpl.newInstance(DelegatingConstructorAccessorImpl.java:45)
at java.lang.reflect.Constructor.newInstance(Constructor.java:423)
at org.openqa.selenium.remote.http.W3CHttpResponseCodec.createException(W3CHttpResponseCodec.java:187)
at org.openqa.selenium.remote.http.W3CHttpResponseCodec.decode(W3CHttpResponseCodec.java:122)
at org.openqa.selenium.remote.http.W3CHttpResponseCodec.decode(W3CHttpResponseCodec.java:49)
at org.openqa.selenium.remote.HttpCommandExecutor.execute(HttpCommandExecutor.java:158)
at org.openqa.selenium.remote.service.DriverCommandExecutor.execute(DriverCommandExecutor.java:83)
at org.openqa.selenium.remote.RemoteWebDriver.execute(RemoteWebDriver.java:552)
at org.openqa.selenium.remote.RemoteWebDriver.findElement(RemoteWebDriver.java:323)
at org.openqa.selenium.remote.RemoteWebDriver.findElementByXPath(RemoteWebDriver.java:428)
at org.openqa.selenium.By$ByXPath.findElement(By.java:353)
at org.openqa.selenium.remote.RemoteWebDriver.findElement(RemoteWebDriver.java:315)
at org.openqa.selenium.support.pagefactory.DefaultElementLocator.findElement(DefaultElementLocator.java:69)
at org.openqa.selenium.support.pagefactory.internal.LocatingElementHandler.invoke(LocatingElementHandler.java:38)
at com.sun.proxy.$Proxy14.click(Unknown Source)
at tests.KaterinaSprint2.feedbackBookingPage(KaterinaSprint2.java:253)
at sun.reflect.NativeMethodAccessorImpl.invoke0(Native Method)
at sun.reflect.NativeMethodAccessorImpl.invoke(NativeMethodAccessorImpl.java:62)
at sun.reflect.DelegatingMethodAccessorImpl.invoke(DelegatingMethodAccessorImpl.java:43)
at java.lang.reflect.Method.invoke(Method.java:498)
at org.testng.internal.MethodInvocationHelper.invokeMethod(MethodInvocationHelper.java:132)
at org.testng.internal.TestInvoker.invokeMethod(TestInvoker.java:599)
at org.testng.internal.TestInvoker.invokeTestMethod(TestInvoker.java:174)
at org.testng.internal.MethodRunner.runInSequence(MethodRunner.java:46)
at org.testng.internal.TestInvoker$MethodInvocationAgent.invoke(TestInvoker.java:822)
at org.testng.internal.TestInvoker.invokeTestMethods(TestInvoker.java:147)
at org.testng.internal.TestMethodWorker.invokeTestMethods(TestMethodWorker.java:146)
at org.testng.internal.TestMethodWorker.run(TestMethodWorker.java:128)
at java.util.ArrayList.forEach(ArrayList.java:1259)
at org.testng.TestRunner.privateRun(TestRunner.java:764)
at org.testng.TestRunner.run(TestRunner.java:585)
at org.testng.SuiteRunner.runTest(SuiteRunner.java:384)
at org.testng.SuiteRunner.access$000(SuiteRunner.java:28)
at org.testng.SuiteRunner$SuiteWorker.run(SuiteRunner.java:425)
at org.testng.internal.thread.ThreadUtil.lambda$execute$0(ThreadUtil.java:66)
at java.util.concurrent.FutureTask.run(FutureTask.java:266)
at java.util.concurrent.ThreadPoolExecutor.runWorker(ThreadPoolExecutor.java:1149)
at java.util.concurrent.ThreadPoolExecutor$Worker.run(ThreadPoolExecutor.java:624)
at java.lang.Thread.run(Thread.java:748)
]]>
            </full-stacktrace>
          </exception> <!-- org.openqa.selenium.NoSuchElementException -->
          <reporter-output>
          </reporter-output>
        </test-method> <!-- feedbackBookingPage -->
        <test-method status="PASS" signature="teardownMethod(org.testng.ITestResult)[pri:0, instance:tests.KaterinaSprint2@2bea5ab4]" name="teardownMethod" is-config="true" duration-ms="802" started-at="2021-01-21T14:58:25 EST" finished-at="2021-01-21T14:58:26 EST">
          <params>
            <param index="0">
              <value>
                <![CDATA[[TestResult name=feedbackBookingPage status=FAILURE method=KaterinaSprint2.feedbackBookingPage()[pri:0, instance:tests.KaterinaSprint2@2bea5ab4] output={null}]]]>
              </value>
            </param>
          </params>
          <reporter-output>
          </reporter-output>
        </test-method> <!-- teardownMethod -->
        <test-method status="PASS" signature="setupMethod(java.lang.String)[pri:0, instance:tests.KaterinaSprint2@2bea5ab4]" name="setupMethod" is-config="true" duration-ms="8303" started-at="2021-01-21T14:58:26 EST" finished-at="2021-01-21T14:58:34 EST">
          <params>
            <param index="0">
              <value>
                <![CDATA[headlesschrome]]>
              </value>
            </param>
          </params>
          <reporter-output>
          </reporter-output>
        </test-method> <!-- setupMethod -->
        <test-method status="FAIL" signature="modifyResultPage()[pri:0, instance:tests.KaterinaSprint2@2bea5ab4]" name="modifyResultPage" duration-ms="18093" started-at="2021-01-21T14:58:34 EST" finished-at="2021-01-21T14:58:52 EST">
          <exception class="org.openqa.selenium.NoSuchElementException">
            <message>
              <![CDATA[no such element: Unable to locate element: {"method":"css selector","selector":"#fromAirportName"}
  (Session info: headless chrome=87.0.4280.141)
For documentation on this error, please visit: https://www.seleniumhq.org/exceptions/no_such_element.html
Build info: version: '3.141.59', revision: 'e82be7d358', time: '2018-11-14T08:17:03'
System info: host: 'LAPTOP-MC2FHNDC', ip: '192.168.1.102', os.name: 'Windows 10', os.arch: 'amd64', os.version: '10.0', java.version: '1.8.0_261'
Driver info: org.openqa.selenium.chrome.ChromeDriver
Capabilities {acceptInsecureCerts: false, browserName: chrome, browserVersion: 87.0.4280.141, chrome: {chromedriverVersion: 87.0.4280.88 (89e2380a3e36c..., userDataDir: C:\Users\eesha\AppData\Loca...}, goog:chromeOptions: {debuggerAddress: localhost:60260}, javascriptEnabled: true, networkConnectionEnabled: false, pageLoadStrategy: normal, platform: WINDOWS, platformName: WINDOWS, proxy: Proxy(), setWindowRect: true, strictFileInteractability: false, timeouts: {implicit: 0, pageLoad: 300000, script: 30000}, unhandledPromptBehavior: dismiss and notify, webauthn:virtualAuthenticators: true}
Session ID: a2e1e14e67ee3885478568f638b4ffcf
*** Element info: {Using=id, value=fromAirportName}]]>
            </message>
            <full-stacktrace>
              <![CDATA[org.openqa.selenium.NoSuchElementException: no such element: Unable to locate element: {"method":"css selector","selector":"#fromAirportName"}
  (Session info: headless chrome=87.0.4280.141)
For documentation on this error, please visit: https://www.seleniumhq.org/exceptions/no_such_element.html
Build info: version: '3.141.59', revision: 'e82be7d358', time: '2018-11-14T08:17:03'
System info: host: 'LAPTOP-MC2FHNDC', ip: '192.168.1.102', os.name: 'Windows 10', os.arch: 'amd64', os.version: '10.0', java.version: '1.8.0_261'
Driver info: org.openqa.selenium.chrome.ChromeDriver
Capabilities {acceptInsecureCerts: false, browserName: chrome, browserVersion: 87.0.4280.141, chrome: {chromedriverVersion: 87.0.4280.88 (89e2380a3e36c..., userDataDir: C:\Users\eesha\AppData\Loca...}, goog:chromeOptions: {debuggerAddress: localhost:60260}, javascriptEnabled: true, networkConnectionEnabled: false, pageLoadStrategy: normal, platform: WINDOWS, platformName: WINDOWS, proxy: Proxy(), setWindowRect: true, strictFileInteractability: false, timeouts: {implicit: 0, pageLoad: 300000, script: 30000}, unhandledPromptBehavior: dismiss and notify, webauthn:virtualAuthenticators: true}
Session ID: a2e1e14e67ee3885478568f638b4ffcf
*** Element info: {Using=id, value=fromAirportName}
at sun.reflect.NativeConstructorAccessorImpl.newInstance0(Native Method)
at sun.reflect.NativeConstructorAccessorImpl.newInstance(NativeConstructorAccessorImpl.java:62)
at sun.reflect.DelegatingConstructorAccessorImpl.newInstance(DelegatingConstructorAccessorImpl.java:45)
at java.lang.reflect.Constructor.newInstance(Constructor.java:423)
at org.openqa.selenium.remote.http.W3CHttpResponseCodec.createException(W3CHttpResponseCodec.java:187)
at org.openqa.selenium.remote.http.W3CHttpResponseCodec.decode(W3CHttpResponseCodec.java:122)
at org.openqa.selenium.remote.http.W3CHttpResponseCodec.decode(W3CHttpResponseCodec.java:49)
at org.openqa.selenium.remote.HttpCommandExecutor.execute(HttpCommandExecutor.java:158)
at org.openqa.selenium.remote.service.DriverCommandExecutor.execute(DriverCommandExecutor.java:83)
at org.openqa.selenium.remote.RemoteWebDriver.execute(RemoteWebDriver.java:552)
at org.openqa.selenium.remote.RemoteWebDriver.findElement(RemoteWebDriver.java:323)
at org.openqa.selenium.remote.RemoteWebDriver.findElementById(RemoteWebDriver.java:372)
at org.openqa.selenium.By$ById.findElement(By.java:188)
at org.openqa.selenium.remote.RemoteWebDriver.findElement(RemoteWebDriver.java:315)
at org.openqa.selenium.support.pagefactory.DefaultElementLocator.findElement(DefaultElementLocator.java:69)
at org.openqa.selenium.support.pagefactory.internal.LocatingElementHandler.invoke(LocatingElementHandler.java:38)
at com.sun.proxy.$Proxy14.sendKeys(Unknown Source)
at tests.KaterinaSprint2.modifyResultPage(KaterinaSprint2.java:206)
at sun.reflect.NativeMethodAccessorImpl.invoke0(Native Method)
at sun.reflect.NativeMethodAccessorImpl.invoke(NativeMethodAccessorImpl.java:62)
at sun.reflect.DelegatingMethodAccessorImpl.invoke(DelegatingMethodAccessorImpl.java:43)
at java.lang.reflect.Method.invoke(Method.java:498)
at org.testng.internal.MethodInvocationHelper.invokeMethod(MethodInvocationHelper.java:132)
at org.testng.internal.TestInvoker.invokeMethod(TestInvoker.java:599)
at org.testng.internal.TestInvoker.invokeTestMethod(TestInvoker.java:174)
at org.testng.internal.MethodRunner.runInSequence(MethodRunner.java:46)
at org.testng.internal.TestInvoker$MethodInvocationAgent.invoke(TestInvoker.java:822)
at org.testng.internal.TestInvoker.invokeTestMethods(TestInvoker.java:147)
at org.testng.internal.TestMethodWorker.invokeTestMethods(TestMethodWorker.java:146)
at org.testng.internal.TestMethodWorker.run(TestMethodWorker.java:128)
at java.util.ArrayList.forEach(ArrayList.java:1259)
at org.testng.TestRunner.privateRun(TestRunner.java:764)
at org.testng.TestRunner.run(TestRunner.java:585)
at org.testng.SuiteRunner.runTest(SuiteRunner.java:384)
at org.testng.SuiteRunner.access$000(SuiteRunner.java:28)
at org.testng.SuiteRunner$SuiteWorker.run(SuiteRunner.java:425)
at org.testng.internal.thread.ThreadUtil.lambda$execute$0(ThreadUtil.java:66)
at java.util.concurrent.FutureTask.run(FutureTask.java:266)
at java.util.concurrent.ThreadPoolExecutor.runWorker(ThreadPoolExecutor.java:1149)
at java.util.concurrent.ThreadPoolExecutor$Worker.run(ThreadPoolExecutor.java:624)
at java.lang.Thread.run(Thread.java:748)
]]>
            </full-stacktrace>
          </exception> <!-- org.openqa.selenium.NoSuchElementException -->
          <reporter-output>
          </reporter-output>
        </test-method> <!-- modifyResultPage -->
        <test-method status="PASS" signature="teardownMethod(org.testng.ITestResult)[pri:0, instance:tests.KaterinaSprint2@2bea5ab4]" name="teardownMethod" is-config="true" duration-ms="850" started-at="2021-01-21T14:58:52 EST" finished-at="2021-01-21T14:58:53 EST">
          <params>
            <param index="0">
              <value>
                <![CDATA[[TestResult name=modifyResultPage status=FAILURE method=KaterinaSprint2.modifyResultPage()[pri:0, instance:tests.KaterinaSprint2@2bea5ab4] output={null}]]]>
              </value>
            </param>
          </params>
          <reporter-output>
          </reporter-output>
        </test-method> <!-- teardownMethod -->
        <test-method status="PASS" signature="setupMethod(java.lang.String)[pri:0, instance:tests.KaterinaSprint2@2bea5ab4]" name="setupMethod" is-config="true" duration-ms="8040" started-at="2021-01-21T14:58:53 EST" finished-at="2021-01-21T14:59:01 EST">
          <params>
            <param index="0">
              <value>
                <![CDATA[headlesschrome]]>
              </value>
            </param>
          </params>
          <reporter-output>
          </reporter-output>
        </test-method> <!-- setupMethod -->
        <test-method status="FAIL" signature="priceSliderResultsPage()[pri:0, instance:tests.KaterinaSprint2@2bea5ab4]" name="priceSliderResultsPage" duration-ms="15092" started-at="2021-01-21T14:59:01 EST" finished-at="2021-01-21T14:59:16 EST">
          <exception class="org.openqa.selenium.NoSuchElementException">
            <message>
              <![CDATA[no such element: Unable to locate element: {"method":"css selector","selector":"#fromAirportName"}
  (Session info: headless chrome=87.0.4280.141)
For documentation on this error, please visit: https://www.seleniumhq.org/exceptions/no_such_element.html
Build info: version: '3.141.59', revision: 'e82be7d358', time: '2018-11-14T08:17:03'
System info: host: 'LAPTOP-MC2FHNDC', ip: '192.168.1.102', os.name: 'Windows 10', os.arch: 'amd64', os.version: '10.0', java.version: '1.8.0_261'
Driver info: org.openqa.selenium.chrome.ChromeDriver
Capabilities {acceptInsecureCerts: false, browserName: chrome, browserVersion: 87.0.4280.141, chrome: {chromedriverVersion: 87.0.4280.88 (89e2380a3e36c..., userDataDir: C:\Users\eesha\AppData\Loca...}, goog:chromeOptions: {debuggerAddress: localhost:60537}, javascriptEnabled: true, networkConnectionEnabled: false, pageLoadStrategy: normal, platform: WINDOWS, platformName: WINDOWS, proxy: Proxy(), setWindowRect: true, strictFileInteractability: false, timeouts: {implicit: 0, pageLoad: 300000, script: 30000}, unhandledPromptBehavior: dismiss and notify, webauthn:virtualAuthenticators: true}
Session ID: 33fcf2a257f0a7eef1413088434624ad
*** Element info: {Using=id, value=fromAirportName}]]>
            </message>
            <full-stacktrace>
              <![CDATA[org.openqa.selenium.NoSuchElementException: no such element: Unable to locate element: {"method":"css selector","selector":"#fromAirportName"}
  (Session info: headless chrome=87.0.4280.141)
For documentation on this error, please visit: https://www.seleniumhq.org/exceptions/no_such_element.html
Build info: version: '3.141.59', revision: 'e82be7d358', time: '2018-11-14T08:17:03'
System info: host: 'LAPTOP-MC2FHNDC', ip: '192.168.1.102', os.name: 'Windows 10', os.arch: 'amd64', os.version: '10.0', java.version: '1.8.0_261'
Driver info: org.openqa.selenium.chrome.ChromeDriver
Capabilities {acceptInsecureCerts: false, browserName: chrome, browserVersion: 87.0.4280.141, chrome: {chromedriverVersion: 87.0.4280.88 (89e2380a3e36c..., userDataDir: C:\Users\eesha\AppData\Loca...}, goog:chromeOptions: {debuggerAddress: localhost:60537}, javascriptEnabled: true, networkConnectionEnabled: false, pageLoadStrategy: normal, platform: WINDOWS, platformName: WINDOWS, proxy: Proxy(), setWindowRect: true, strictFileInteractability: false, timeouts: {implicit: 0, pageLoad: 300000, script: 30000}, unhandledPromptBehavior: dismiss and notify, webauthn:virtualAuthenticators: true}
Session ID: 33fcf2a257f0a7eef1413088434624ad
*** Element info: {Using=id, value=fromAirportName}
at sun.reflect.NativeConstructorAccessorImpl.newInstance0(Native Method)
at sun.reflect.NativeConstructorAccessorImpl.newInstance(NativeConstructorAccessorImpl.java:62)
at sun.reflect.DelegatingConstructorAccessorImpl.newInstance(DelegatingConstructorAccessorImpl.java:45)
at java.lang.reflect.Constructor.newInstance(Constructor.java:423)
at org.openqa.selenium.remote.http.W3CHttpResponseCodec.createException(W3CHttpResponseCodec.java:187)
at org.openqa.selenium.remote.http.W3CHttpResponseCodec.decode(W3CHttpResponseCodec.java:122)
at org.openqa.selenium.remote.http.W3CHttpResponseCodec.decode(W3CHttpResponseCodec.java:49)
at org.openqa.selenium.remote.HttpCommandExecutor.execute(HttpCommandExecutor.java:158)
at org.openqa.selenium.remote.service.DriverCommandExecutor.execute(DriverCommandExecutor.java:83)
at org.openqa.selenium.remote.RemoteWebDriver.execute(RemoteWebDriver.java:552)
at org.openqa.selenium.remote.RemoteWebDriver.findElement(RemoteWebDriver.java:323)
at org.openqa.selenium.remote.RemoteWebDriver.findElementById(RemoteWebDriver.java:372)
at org.openqa.selenium.By$ById.findElement(By.java:188)
at org.openqa.selenium.remote.RemoteWebDriver.findElement(RemoteWebDriver.java:315)
at org.openqa.selenium.support.pagefactory.DefaultElementLocator.findElement(DefaultElementLocator.java:69)
at org.openqa.selenium.support.pagefactory.internal.LocatingElementHandler.invoke(LocatingElementHandler.java:38)
at com.sun.proxy.$Proxy14.sendKeys(Unknown Source)
at tests.KaterinaSprint2.priceSliderResultsPage(KaterinaSprint2.java:25)
at sun.reflect.NativeMethodAccessorImpl.invoke0(Native Method)
at sun.reflect.NativeMethodAccessorImpl.invoke(NativeMethodAccessorImpl.java:62)
at sun.reflect.DelegatingMethodAccessorImpl.invoke(DelegatingMethodAccessorImpl.java:43)
at java.lang.reflect.Method.invoke(Method.java:498)
at org.testng.internal.MethodInvocationHelper.invokeMethod(MethodInvocationHelper.java:132)
at org.testng.internal.TestInvoker.invokeMethod(TestInvoker.java:599)
at org.testng.internal.TestInvoker.invokeTestMethod(TestInvoker.java:174)
at org.testng.internal.MethodRunner.runInSequence(MethodRunner.java:46)
at org.testng.internal.TestInvoker$MethodInvocationAgent.invoke(TestInvoker.java:822)
at org.testng.internal.TestInvoker.invokeTestMethods(TestInvoker.java:147)
at org.testng.internal.TestMethodWorker.invokeTestMethods(TestMethodWorker.java:146)
at org.testng.internal.TestMethodWorker.run(TestMethodWorker.java:128)
at java.util.ArrayList.forEach(ArrayList.java:1259)
at org.testng.TestRunner.privateRun(TestRunner.java:764)
at org.testng.TestRunner.run(TestRunner.java:585)
at org.testng.SuiteRunner.runTest(SuiteRunner.java:384)
at org.testng.SuiteRunner.access$000(SuiteRunner.java:28)
at org.testng.SuiteRunner$SuiteWorker.run(SuiteRunner.java:425)
at org.testng.internal.thread.ThreadUtil.lambda$execute$0(ThreadUtil.java:66)
at java.util.concurrent.FutureTask.run(FutureTask.java:266)
at java.util.concurrent.ThreadPoolExecutor.runWorker(ThreadPoolExecutor.java:1149)
at java.util.concurrent.ThreadPoolExecutor$Worker.run(ThreadPoolExecutor.java:624)
at java.lang.Thread.run(Thread.java:748)
]]>
            </full-stacktrace>
          </exception> <!-- org.openqa.selenium.NoSuchElementException -->
          <reporter-output>
          </reporter-output>
        </test-method> <!-- priceSliderResultsPage -->
        <test-method status="PASS" signature="teardownMethod(org.testng.ITestResult)[pri:0, instance:tests.KaterinaSprint2@2bea5ab4]" name="teardownMethod" is-config="true" duration-ms="3085" started-at="2021-01-21T14:59:16 EST" finished-at="2021-01-21T14:59:19 EST">
          <params>
            <param index="0">
              <value>
                <![CDATA[[TestResult name=priceSliderResultsPage status=FAILURE method=KaterinaSprint2.priceSliderResultsPage()[pri:0, instance:tests.KaterinaSprint2@2bea5ab4] output={null}]]]>
              </value>
            </param>
          </params>
          <reporter-output>
          </reporter-output>
        </test-method> <!-- teardownMethod -->
        <test-method status="PASS" signature="setupMethod(java.lang.String)[pri:0, instance:tests.KaterinaSprint2@2bea5ab4]" name="setupMethod" is-config="true" duration-ms="13603" started-at="2021-01-21T14:59:19 EST" finished-at="2021-01-21T14:59:33 EST">
          <params>
            <param index="0">
              <value>
                <![CDATA[headlesschrome]]>
              </value>
            </param>
          </params>
          <reporter-output>
          </reporter-output>
        </test-method> <!-- setupMethod -->
        <test-method status="FAIL" signature="productExpResultsPage()[pri:0, instance:tests.KaterinaSprint2@2bea5ab4]" name="productExpResultsPage" duration-ms="15014" started-at="2021-01-21T14:59:33 EST" finished-at="2021-01-21T14:59:48 EST">
          <exception class="org.openqa.selenium.NoSuchElementException">
            <message>
              <![CDATA[no such element: Unable to locate element: {"method":"css selector","selector":"#fromAirportName"}
  (Session info: headless chrome=87.0.4280.141)
For documentation on this error, please visit: https://www.seleniumhq.org/exceptions/no_such_element.html
Build info: version: '3.141.59', revision: 'e82be7d358', time: '2018-11-14T08:17:03'
System info: host: 'LAPTOP-MC2FHNDC', ip: '192.168.1.102', os.name: 'Windows 10', os.arch: 'amd64', os.version: '10.0', java.version: '1.8.0_261'
Driver info: org.openqa.selenium.chrome.ChromeDriver
Capabilities {acceptInsecureCerts: false, browserName: chrome, browserVersion: 87.0.4280.141, chrome: {chromedriverVersion: 87.0.4280.88 (89e2380a3e36c..., userDataDir: C:\Users\eesha\AppData\Loca...}, goog:chromeOptions: {debuggerAddress: localhost:60786}, javascriptEnabled: true, networkConnectionEnabled: false, pageLoadStrategy: normal, platform: WINDOWS, platformName: WINDOWS, proxy: Proxy(), setWindowRect: true, strictFileInteractability: false, timeouts: {implicit: 0, pageLoad: 300000, script: 30000}, unhandledPromptBehavior: dismiss and notify, webauthn:virtualAuthenticators: true}
Session ID: 1b4241560befef8464120e87a4585f11
*** Element info: {Using=id, value=fromAirportName}]]>
            </message>
            <full-stacktrace>
              <![CDATA[org.openqa.selenium.NoSuchElementException: no such element: Unable to locate element: {"method":"css selector","selector":"#fromAirportName"}
  (Session info: headless chrome=87.0.4280.141)
For documentation on this error, please visit: https://www.seleniumhq.org/exceptions/no_such_element.html
Build info: version: '3.141.59', revision: 'e82be7d358', time: '2018-11-14T08:17:03'
System info: host: 'LAPTOP-MC2FHNDC', ip: '192.168.1.102', os.name: 'Windows 10', os.arch: 'amd64', os.version: '10.0', java.version: '1.8.0_261'
Driver info: org.openqa.selenium.chrome.ChromeDriver
Capabilities {acceptInsecureCerts: false, browserName: chrome, browserVersion: 87.0.4280.141, chrome: {chromedriverVersion: 87.0.4280.88 (89e2380a3e36c..., userDataDir: C:\Users\eesha\AppData\Loca...}, goog:chromeOptions: {debuggerAddress: localhost:60786}, javascriptEnabled: true, networkConnectionEnabled: false, pageLoadStrategy: normal, platform: WINDOWS, platformName: WINDOWS, proxy: Proxy(), setWindowRect: true, strictFileInteractability: false, timeouts: {implicit: 0, pageLoad: 300000, script: 30000}, unhandledPromptBehavior: dismiss and notify, webauthn:virtualAuthenticators: true}
Session ID: 1b4241560befef8464120e87a4585f11
*** Element info: {Using=id, value=fromAirportName}
at sun.reflect.NativeConstructorAccessorImpl.newInstance0(Native Method)
at sun.reflect.NativeConstructorAccessorImpl.newInstance(NativeConstructorAccessorImpl.java:62)
at sun.reflect.DelegatingConstructorAccessorImpl.newInstance(DelegatingConstructorAccessorImpl.java:45)
at java.lang.reflect.Constructor.newInstance(Constructor.java:423)
at org.openqa.selenium.remote.http.W3CHttpResponseCodec.createException(W3CHttpResponseCodec.java:187)
at org.openqa.selenium.remote.http.W3CHttpResponseCodec.decode(W3CHttpResponseCodec.java:122)
at org.openqa.selenium.remote.http.W3CHttpResponseCodec.decode(W3CHttpResponseCodec.java:49)
at org.openqa.selenium.remote.HttpCommandExecutor.execute(HttpCommandExecutor.java:158)
at org.openqa.selenium.remote.service.DriverCommandExecutor.execute(DriverCommandExecutor.java:83)
at org.openqa.selenium.remote.RemoteWebDriver.execute(RemoteWebDriver.java:552)
at org.openqa.selenium.remote.RemoteWebDriver.findElement(RemoteWebDriver.java:323)
at org.openqa.selenium.remote.RemoteWebDriver.findElementById(RemoteWebDriver.java:372)
at org.openqa.selenium.By$ById.findElement(By.java:188)
at org.openqa.selenium.remote.RemoteWebDriver.findElement(RemoteWebDriver.java:315)
at org.openqa.selenium.support.pagefactory.DefaultElementLocator.findElement(DefaultElementLocator.java:69)
at org.openqa.selenium.support.pagefactory.internal.LocatingElementHandler.invoke(LocatingElementHandler.java:38)
at com.sun.proxy.$Proxy14.sendKeys(Unknown Source)
at tests.KaterinaSprint2.productExpResultsPage(KaterinaSprint2.java:152)
at sun.reflect.NativeMethodAccessorImpl.invoke0(Native Method)
at sun.reflect.NativeMethodAccessorImpl.invoke(NativeMethodAccessorImpl.java:62)
at sun.reflect.DelegatingMethodAccessorImpl.invoke(DelegatingMethodAccessorImpl.java:43)
at java.lang.reflect.Method.invoke(Method.java:498)
at org.testng.internal.MethodInvocationHelper.invokeMethod(MethodInvocationHelper.java:132)
at org.testng.internal.TestInvoker.invokeMethod(TestInvoker.java:599)
at org.testng.internal.TestInvoker.invokeTestMethod(TestInvoker.java:174)
at org.testng.internal.MethodRunner.runInSequence(MethodRunner.java:46)
at org.testng.internal.TestInvoker$MethodInvocationAgent.invoke(TestInvoker.java:822)
at org.testng.internal.TestInvoker.invokeTestMethods(TestInvoker.java:147)
at org.testng.internal.TestMethodWorker.invokeTestMethods(TestMethodWorker.java:146)
at org.testng.internal.TestMethodWorker.run(TestMethodWorker.java:128)
at java.util.ArrayList.forEach(ArrayList.java:1259)
at org.testng.TestRunner.privateRun(TestRunner.java:764)
at org.testng.TestRunner.run(TestRunner.java:585)
at org.testng.SuiteRunner.runTest(SuiteRunner.java:384)
at org.testng.SuiteRunner.access$000(SuiteRunner.java:28)
at org.testng.SuiteRunner$SuiteWorker.run(SuiteRunner.java:425)
at org.testng.internal.thread.ThreadUtil.lambda$execute$0(ThreadUtil.java:66)
at java.util.concurrent.FutureTask.run(FutureTask.java:266)
at java.util.concurrent.ThreadPoolExecutor.runWorker(ThreadPoolExecutor.java:1149)
at java.util.concurrent.ThreadPoolExecutor$Worker.run(ThreadPoolExecutor.java:624)
at java.lang.Thread.run(Thread.java:748)
]]>
            </full-stacktrace>
          </exception> <!-- org.openqa.selenium.NoSuchElementException -->
          <reporter-output>
          </reporter-output>
        </test-method> <!-- productExpResultsPage -->
        <test-method status="PASS" signature="teardownMethod(org.testng.ITestResult)[pri:0, instance:tests.KaterinaSprint2@2bea5ab4]" name="teardownMethod" is-config="true" duration-ms="794" started-at="2021-01-21T14:59:48 EST" finished-at="2021-01-21T14:59:49 EST">
          <params>
            <param index="0">
              <value>
                <![CDATA[[TestResult name=productExpResultsPage status=FAILURE method=KaterinaSprint2.productExpResultsPage()[pri:0, instance:tests.KaterinaSprint2@2bea5ab4] output={null}]]]>
              </value>
            </param>
          </params>
          <reporter-output>
          </reporter-output>
        </test-method> <!-- teardownMethod -->
        <test-method status="PASS" signature="tearDownReport()[pri:0, instance:tests.KaterinaSprint2@2bea5ab4]" name="tearDownReport" is-config="true" duration-ms="457" started-at="2021-01-21T15:00:05 EST" finished-at="2021-01-21T15:00:05 EST">
          <reporter-output>
          </reporter-output>
        </test-method> <!-- tearDownReport -->
      </class> <!-- tests.KaterinaSprint2 -->
    </test> <!-- Headless Chrome Test -->
    <test name="Firefox Test" duration-ms="195037" started-at="2021-01-21T14:56:38 EST" finished-at="2021-01-21T14:59:53 EST">
      <class name="tests.KaterinaSprint2">
        <test-method status="PASS" signature="setupMethod(java.lang.String)[pri:0, instance:tests.KaterinaSprint2@5e955596]" name="setupMethod" is-config="true" duration-ms="15782" started-at="2021-01-21T14:56:38 EST" finished-at="2021-01-21T14:56:53 EST">
          <params>
            <param index="0">
              <value>
                <![CDATA[firefox]]>
              </value>
            </param>
          </params>
          <reporter-output>
          </reporter-output>
        </test-method> <!-- setupMethod -->
        <test-method status="PASS" signature="cityFullNameBookingPage(java.lang.String, java.lang.String, java.lang.String, java.lang.String, java.lang.String, java.lang.String)[pri:0, instance:tests.KaterinaSprint2@5e955596]" name="cityFullNameBookingPage" duration-ms="4748" started-at="2021-01-21T14:56:53 EST" data-provider="getCity" finished-at="2021-01-21T14:56:58 EST">
          <params>
            <param index="0">
              <value>
                <![CDATA[Atlanta]]>
              </value>
            </param>
            <param index="1">
              <value>
                <![CDATA[Atlanta]]>
              </value>
            </param>
            <param index="2">
              <value>
                <![CDATA[Washington]]>
              </value>
            </param>
            <param index="3">
              <value>
                <![CDATA[Washington]]>
              </value>
            </param>
            <param index="4">
              <value>
                <![CDATA[Atlanta]]>
              </value>
            </param>
            <param index="5">
              <value>
                <![CDATA[Washington]]>
              </value>
            </param>
          </params>
          <reporter-output>
          </reporter-output>
        </test-method> <!-- cityFullNameBookingPage -->
        <test-method status="PASS" signature="teardownMethod(org.testng.ITestResult)[pri:0, instance:tests.KaterinaSprint2@5e955596]" name="teardownMethod" is-config="true" duration-ms="2077" started-at="2021-01-21T14:56:58 EST" finished-at="2021-01-21T14:57:00 EST">
          <params>
            <param index="0">
              <value>
                <![CDATA[[TestResult name=cityFullNameBookingPage status=SUCCESS method=KaterinaSprint2.cityFullNameBookingPage(java.lang.String, java.lang.String, java.lang.String, java.lang.String, java.lang.String, java.lang.String)[pri:0, instance:tests.KaterinaSprint2@5e955596] output={null}]]]>
              </value>
            </param>
          </params>
          <reporter-output>
          </reporter-output>
        </test-method> <!-- teardownMethod -->
        <test-method status="PASS" signature="setupMethod(java.lang.String)[pri:0, instance:tests.KaterinaSprint2@5e955596]" name="setupMethod" is-config="true" duration-ms="12200" started-at="2021-01-21T14:57:00 EST" finished-at="2021-01-21T14:57:12 EST">
          <params>
            <param index="0">
              <value>
                <![CDATA[firefox]]>
              </value>
            </param>
          </params>
          <reporter-output>
          </reporter-output>
        </test-method> <!-- setupMethod -->
        <test-method status="PASS" signature="datesBookingPage(java.lang.String, java.lang.String, java.lang.String, java.lang.String, java.lang.String, java.lang.String, java.lang.String, java.lang.String)[pri:0, instance:tests.KaterinaSprint2@5e955596]" name="datesBookingPage" duration-ms="12648" started-at="2021-01-21T14:57:12 EST" data-provider="getDates" finished-at="2021-01-21T14:57:25 EST">
          <params>
            <param index="0">
              <value>
                <![CDATA[ATL]]>
              </value>
            </param>
            <param index="1">
              <value>
                <![CDATA[IAD]]>
              </value>
            </param>
            <param index="2">
              <value>
                <![CDATA[February]]>
              </value>
            </param>
            <param index="3">
              <value>
                <![CDATA[February]]>
              </value>
            </param>
            <param index="4">
              <value>
                <![CDATA[1 ]]>
              </value>
            </param>
            <param index="5">
              <value>
                <![CDATA[March]]>
              </value>
            </param>
            <param index="6">
              <value>
                <![CDATA[March]]>
              </value>
            </param>
            <param index="7">
              <value>
                <![CDATA[1 ]]>
              </value>
            </param>
          </params>
          <reporter-output>
          </reporter-output>
        </test-method> <!-- datesBookingPage -->
        <test-method status="PASS" signature="teardownMethod(org.testng.ITestResult)[pri:0, instance:tests.KaterinaSprint2@5e955596]" name="teardownMethod" is-config="true" duration-ms="2053" started-at="2021-01-21T14:57:25 EST" finished-at="2021-01-21T14:57:27 EST">
          <params>
            <param index="0">
              <value>
                <![CDATA[[TestResult name=datesBookingPage status=SUCCESS method=KaterinaSprint2.datesBookingPage(java.lang.String, java.lang.String, java.lang.String, java.lang.String, java.lang.String, java.lang.String, java.lang.String, java.lang.String)[pri:0, instance:tests.KaterinaSprint2@5e955596] output={null}]]]>
              </value>
            </param>
          </params>
          <reporter-output>
          </reporter-output>
        </test-method> <!-- teardownMethod -->
        <test-method status="PASS" signature="setupMethod(java.lang.String)[pri:0, instance:tests.KaterinaSprint2@5e955596]" name="setupMethod" is-config="true" duration-ms="12143" started-at="2021-01-21T14:57:27 EST" finished-at="2021-01-21T14:57:39 EST">
          <params>
            <param index="0">
              <value>
                <![CDATA[firefox]]>
              </value>
            </param>
          </params>
          <reporter-output>
          </reporter-output>
        </test-method> <!-- setupMethod -->
        <test-method status="PASS" signature="feedbackBookingPage()[pri:0, instance:tests.KaterinaSprint2@5e955596]" name="feedbackBookingPage" duration-ms="5475" started-at="2021-01-21T14:57:39 EST" finished-at="2021-01-21T14:57:45 EST">
          <reporter-output>
          </reporter-output>
        </test-method> <!-- feedbackBookingPage -->
        <test-method status="PASS" signature="teardownMethod(org.testng.ITestResult)[pri:0, instance:tests.KaterinaSprint2@5e955596]" name="teardownMethod" is-config="true" duration-ms="3068" started-at="2021-01-21T14:57:45 EST" finished-at="2021-01-21T14:57:48 EST">
          <params>
            <param index="0">
              <value>
                <![CDATA[[TestResult name=feedbackBookingPage status=SUCCESS method=KaterinaSprint2.feedbackBookingPage()[pri:0, instance:tests.KaterinaSprint2@5e955596] output={null}]]]>
              </value>
            </param>
          </params>
          <reporter-output>
          </reporter-output>
        </test-method> <!-- teardownMethod -->
        <test-method status="PASS" signature="setupMethod(java.lang.String)[pri:0, instance:tests.KaterinaSprint2@5e955596]" name="setupMethod" is-config="true" duration-ms="11770" started-at="2021-01-21T14:57:48 EST" finished-at="2021-01-21T14:58:00 EST">
          <params>
            <param index="0">
              <value>
                <![CDATA[firefox]]>
              </value>
            </param>
          </params>
          <reporter-output>
          </reporter-output>
        </test-method> <!-- setupMethod -->
        <test-method status="PASS" signature="modifyResultPage()[pri:0, instance:tests.KaterinaSprint2@5e955596]" name="modifyResultPage" duration-ms="27863" started-at="2021-01-21T14:58:00 EST" finished-at="2021-01-21T14:58:27 EST">
          <reporter-output>
          </reporter-output>
        </test-method> <!-- modifyResultPage -->
        <test-method status="PASS" signature="teardownMethod(org.testng.ITestResult)[pri:0, instance:tests.KaterinaSprint2@5e955596]" name="teardownMethod" is-config="true" duration-ms="5030" started-at="2021-01-21T14:58:27 EST" finished-at="2021-01-21T14:58:32 EST">
          <params>
            <param index="0">
              <value>
                <![CDATA[[TestResult name=modifyResultPage status=SUCCESS method=KaterinaSprint2.modifyResultPage()[pri:0, instance:tests.KaterinaSprint2@5e955596] output={null}]]]>
              </value>
            </param>
          </params>
          <reporter-output>
          </reporter-output>
        </test-method> <!-- teardownMethod -->
        <test-method status="PASS" signature="setupMethod(java.lang.String)[pri:0, instance:tests.KaterinaSprint2@5e955596]" name="setupMethod" is-config="true" duration-ms="11220" started-at="2021-01-21T14:58:32 EST" finished-at="2021-01-21T14:58:44 EST">
          <params>
            <param index="0">
              <value>
                <![CDATA[firefox]]>
              </value>
            </param>
          </params>
          <reporter-output>
          </reporter-output>
        </test-method> <!-- setupMethod -->
        <test-method status="PASS" signature="priceSliderResultsPage()[pri:0, instance:tests.KaterinaSprint2@5e955596]" name="priceSliderResultsPage" duration-ms="26250" started-at="2021-01-21T14:58:44 EST" finished-at="2021-01-21T14:59:10 EST">
          <reporter-output>
          </reporter-output>
        </test-method> <!-- priceSliderResultsPage -->
        <test-method status="PASS" signature="teardownMethod(org.testng.ITestResult)[pri:0, instance:tests.KaterinaSprint2@5e955596]" name="teardownMethod" is-config="true" duration-ms="2363" started-at="2021-01-21T14:59:10 EST" finished-at="2021-01-21T14:59:12 EST">
          <params>
            <param index="0">
              <value>
                <![CDATA[[TestResult name=priceSliderResultsPage status=SUCCESS method=KaterinaSprint2.priceSliderResultsPage()[pri:0, instance:tests.KaterinaSprint2@5e955596] output={null}]]]>
              </value>
            </param>
          </params>
          <reporter-output>
          </reporter-output>
        </test-method> <!-- teardownMethod -->
        <test-method status="PASS" signature="setupMethod(java.lang.String)[pri:0, instance:tests.KaterinaSprint2@5e955596]" name="setupMethod" is-config="true" duration-ms="11312" started-at="2021-01-21T14:59:12 EST" finished-at="2021-01-21T14:59:24 EST">
          <params>
            <param index="0">
              <value>
                <![CDATA[firefox]]>
              </value>
            </param>
          </params>
          <reporter-output>
          </reporter-output>
        </test-method> <!-- setupMethod -->
        <test-method status="PASS" signature="productExpResultsPage()[pri:0, instance:tests.KaterinaSprint2@5e955596]" name="productExpResultsPage" duration-ms="26492" started-at="2021-01-21T14:59:24 EST" finished-at="2021-01-21T14:59:50 EST">
          <reporter-output>
          </reporter-output>
        </test-method> <!-- productExpResultsPage -->
        <test-method status="PASS" signature="teardownMethod(org.testng.ITestResult)[pri:0, instance:tests.KaterinaSprint2@5e955596]" name="teardownMethod" is-config="true" duration-ms="2493" started-at="2021-01-21T14:59:50 EST" finished-at="2021-01-21T14:59:53 EST">
          <params>
            <param index="0">
              <value>
                <![CDATA[[TestResult name=productExpResultsPage status=SUCCESS method=KaterinaSprint2.productExpResultsPage()[pri:0, instance:tests.KaterinaSprint2@5e955596] output={null}]]]>
              </value>
            </param>
          </params>
          <reporter-output>
          </reporter-output>
        </test-method> <!-- teardownMethod -->
      </class> <!-- tests.KaterinaSprint2 -->
    </test> <!-- Firefox Test -->
    <test name="Edge Test" duration-ms="198628" started-at="2021-01-21T14:56:38 EST" finished-at="2021-01-21T14:59:56 EST">
      <class name="tests.KaterinaSprint2">
        <test-method status="PASS" signature="setupMethod(java.lang.String)[pri:0, instance:tests.KaterinaSprint2@dbd940d]" name="setupMethod" is-config="true" duration-ms="12702" started-at="2021-01-21T14:56:38 EST" finished-at="2021-01-21T14:56:50 EST">
          <params>
            <param index="0">
              <value>
                <![CDATA[edge]]>
              </value>
            </param>
          </params>
          <reporter-output>
          </reporter-output>
        </test-method> <!-- setupMethod -->
        <test-method status="PASS" signature="cityFullNameBookingPage(java.lang.String, java.lang.String, java.lang.String, java.lang.String, java.lang.String, java.lang.String)[pri:0, instance:tests.KaterinaSprint2@dbd940d]" name="cityFullNameBookingPage" duration-ms="8036" started-at="2021-01-21T14:56:50 EST" data-provider="getCity" finished-at="2021-01-21T14:56:58 EST">
          <params>
            <param index="0">
              <value>
                <![CDATA[Atlanta]]>
              </value>
            </param>
            <param index="1">
              <value>
                <![CDATA[Atlanta]]>
              </value>
            </param>
            <param index="2">
              <value>
                <![CDATA[Washington]]>
              </value>
            </param>
            <param index="3">
              <value>
                <![CDATA[Washington]]>
              </value>
            </param>
            <param index="4">
              <value>
                <![CDATA[Atlanta]]>
              </value>
            </param>
            <param index="5">
              <value>
                <![CDATA[Washington]]>
              </value>
            </param>
          </params>
          <reporter-output>
          </reporter-output>
        </test-method> <!-- cityFullNameBookingPage -->
        <test-method status="PASS" signature="teardownMethod(org.testng.ITestResult)[pri:0, instance:tests.KaterinaSprint2@dbd940d]" name="teardownMethod" is-config="true" duration-ms="2615" started-at="2021-01-21T14:56:58 EST" finished-at="2021-01-21T14:57:01 EST">
          <params>
            <param index="0">
              <value>
                <![CDATA[[TestResult name=cityFullNameBookingPage status=SUCCESS method=KaterinaSprint2.cityFullNameBookingPage(java.lang.String, java.lang.String, java.lang.String, java.lang.String, java.lang.String, java.lang.String)[pri:0, instance:tests.KaterinaSprint2@dbd940d] output={null}]]]>
              </value>
            </param>
          </params>
          <reporter-output>
          </reporter-output>
        </test-method> <!-- teardownMethod -->
        <test-method status="PASS" signature="setupMethod(java.lang.String)[pri:0, instance:tests.KaterinaSprint2@dbd940d]" name="setupMethod" is-config="true" duration-ms="16509" started-at="2021-01-21T14:57:01 EST" finished-at="2021-01-21T14:57:17 EST">
          <params>
            <param index="0">
              <value>
                <![CDATA[edge]]>
              </value>
            </param>
          </params>
          <reporter-output>
          </reporter-output>
        </test-method> <!-- setupMethod -->
        <test-method status="PASS" signature="datesBookingPage(java.lang.String, java.lang.String, java.lang.String, java.lang.String, java.lang.String, java.lang.String, java.lang.String, java.lang.String)[pri:0, instance:tests.KaterinaSprint2@dbd940d]" name="datesBookingPage" duration-ms="12470" started-at="2021-01-21T14:57:17 EST" data-provider="getDates" finished-at="2021-01-21T14:57:30 EST">
          <params>
            <param index="0">
              <value>
                <![CDATA[ATL]]>
              </value>
            </param>
            <param index="1">
              <value>
                <![CDATA[IAD]]>
              </value>
            </param>
            <param index="2">
              <value>
                <![CDATA[February]]>
              </value>
            </param>
            <param index="3">
              <value>
                <![CDATA[February]]>
              </value>
            </param>
            <param index="4">
              <value>
                <![CDATA[1 ]]>
              </value>
            </param>
            <param index="5">
              <value>
                <![CDATA[March]]>
              </value>
            </param>
            <param index="6">
              <value>
                <![CDATA[March]]>
              </value>
            </param>
            <param index="7">
              <value>
                <![CDATA[1 ]]>
              </value>
            </param>
          </params>
          <reporter-output>
          </reporter-output>
        </test-method> <!-- datesBookingPage -->
        <test-method status="PASS" signature="teardownMethod(org.testng.ITestResult)[pri:0, instance:tests.KaterinaSprint2@dbd940d]" name="teardownMethod" is-config="true" duration-ms="4015" started-at="2021-01-21T14:57:30 EST" finished-at="2021-01-21T14:57:34 EST">
          <params>
            <param index="0">
              <value>
                <![CDATA[[TestResult name=datesBookingPage status=SUCCESS method=KaterinaSprint2.datesBookingPage(java.lang.String, java.lang.String, java.lang.String, java.lang.String, java.lang.String, java.lang.String, java.lang.String, java.lang.String)[pri:0, instance:tests.KaterinaSprint2@dbd940d] output={null}]]]>
              </value>
            </param>
          </params>
          <reporter-output>
          </reporter-output>
        </test-method> <!-- teardownMethod -->
        <test-method status="PASS" signature="setupMethod(java.lang.String)[pri:0, instance:tests.KaterinaSprint2@dbd940d]" name="setupMethod" is-config="true" duration-ms="12538" started-at="2021-01-21T14:57:34 EST" finished-at="2021-01-21T14:57:46 EST">
          <params>
            <param index="0">
              <value>
                <![CDATA[edge]]>
              </value>
            </param>
          </params>
          <reporter-output>
          </reporter-output>
        </test-method> <!-- setupMethod -->
        <test-method status="PASS" signature="feedbackBookingPage()[pri:0, instance:tests.KaterinaSprint2@dbd940d]" name="feedbackBookingPage" duration-ms="5446" started-at="2021-01-21T14:57:46 EST" finished-at="2021-01-21T14:57:52 EST">
          <reporter-output>
          </reporter-output>
        </test-method> <!-- feedbackBookingPage -->
        <test-method status="PASS" signature="teardownMethod(org.testng.ITestResult)[pri:0, instance:tests.KaterinaSprint2@dbd940d]" name="teardownMethod" is-config="true" duration-ms="2191" started-at="2021-01-21T14:57:52 EST" finished-at="2021-01-21T14:57:54 EST">
          <params>
            <param index="0">
              <value>
                <![CDATA[[TestResult name=feedbackBookingPage status=SUCCESS method=KaterinaSprint2.feedbackBookingPage()[pri:0, instance:tests.KaterinaSprint2@dbd940d] output={null}]]]>
              </value>
            </param>
          </params>
          <reporter-output>
          </reporter-output>
        </test-method> <!-- teardownMethod -->
        <test-method status="PASS" signature="setupMethod(java.lang.String)[pri:0, instance:tests.KaterinaSprint2@dbd940d]" name="setupMethod" is-config="true" duration-ms="14517" started-at="2021-01-21T14:57:54 EST" finished-at="2021-01-21T14:58:09 EST">
          <params>
            <param index="0">
              <value>
                <![CDATA[edge]]>
              </value>
            </param>
          </params>
          <reporter-output>
          </reporter-output>
        </test-method> <!-- setupMethod -->
        <test-method status="PASS" signature="modifyResultPage()[pri:0, instance:tests.KaterinaSprint2@dbd940d]" name="modifyResultPage" duration-ms="29023" started-at="2021-01-21T14:58:09 EST" finished-at="2021-01-21T14:58:38 EST">
          <reporter-output>
          </reporter-output>
        </test-method> <!-- modifyResultPage -->
        <test-method status="PASS" signature="teardownMethod(org.testng.ITestResult)[pri:0, instance:tests.KaterinaSprint2@dbd940d]" name="teardownMethod" is-config="true" duration-ms="1816" started-at="2021-01-21T14:58:38 EST" finished-at="2021-01-21T14:58:39 EST">
          <params>
            <param index="0">
              <value>
                <![CDATA[[TestResult name=modifyResultPage status=SUCCESS method=KaterinaSprint2.modifyResultPage()[pri:0, instance:tests.KaterinaSprint2@dbd940d] output={null}]]]>
              </value>
            </param>
          </params>
          <reporter-output>
          </reporter-output>
        </test-method> <!-- teardownMethod -->
        <test-method status="PASS" signature="setupMethod(java.lang.String)[pri:0, instance:tests.KaterinaSprint2@dbd940d]" name="setupMethod" is-config="true" duration-ms="10939" started-at="2021-01-21T14:58:39 EST" finished-at="2021-01-21T14:58:50 EST">
          <params>
            <param index="0">
              <value>
                <![CDATA[edge]]>
              </value>
            </param>
          </params>
          <reporter-output>
          </reporter-output>
        </test-method> <!-- setupMethod -->
        <test-method status="PASS" signature="priceSliderResultsPage()[pri:0, instance:tests.KaterinaSprint2@dbd940d]" name="priceSliderResultsPage" duration-ms="25308" started-at="2021-01-21T14:58:50 EST" finished-at="2021-01-21T14:59:16 EST">
          <reporter-output>
          </reporter-output>
        </test-method> <!-- priceSliderResultsPage -->
        <test-method status="PASS" signature="teardownMethod(org.testng.ITestResult)[pri:0, instance:tests.KaterinaSprint2@dbd940d]" name="teardownMethod" is-config="true" duration-ms="3060" started-at="2021-01-21T14:59:16 EST" finished-at="2021-01-21T14:59:19 EST">
          <params>
            <param index="0">
              <value>
                <![CDATA[[TestResult name=priceSliderResultsPage status=SUCCESS method=KaterinaSprint2.priceSliderResultsPage()[pri:0, instance:tests.KaterinaSprint2@dbd940d] output={null}]]]>
              </value>
            </param>
          </params>
          <reporter-output>
          </reporter-output>
        </test-method> <!-- teardownMethod -->
        <test-method status="PASS" signature="setupMethod(java.lang.String)[pri:0, instance:tests.KaterinaSprint2@dbd940d]" name="setupMethod" is-config="true" duration-ms="13171" started-at="2021-01-21T14:59:19 EST" finished-at="2021-01-21T14:59:32 EST">
          <params>
            <param index="0">
              <value>
                <![CDATA[edge]]>
              </value>
            </param>
          </params>
          <reporter-output>
          </reporter-output>
        </test-method> <!-- setupMethod -->
        <test-method status="PASS" signature="productExpResultsPage()[pri:0, instance:tests.KaterinaSprint2@dbd940d]" name="productExpResultsPage" duration-ms="23203" started-at="2021-01-21T14:59:32 EST" finished-at="2021-01-21T14:59:55 EST">
          <reporter-output>
          </reporter-output>
        </test-method> <!-- productExpResultsPage -->
        <test-method status="PASS" signature="teardownMethod(org.testng.ITestResult)[pri:0, instance:tests.KaterinaSprint2@dbd940d]" name="teardownMethod" is-config="true" duration-ms="1020" started-at="2021-01-21T14:59:55 EST" finished-at="2021-01-21T14:59:56 EST">
          <params>
            <param index="0">
              <value>
                <![CDATA[[TestResult name=productExpResultsPage status=SUCCESS method=KaterinaSprint2.productExpResultsPage()[pri:0, instance:tests.KaterinaSprint2@dbd940d] output={null}]]]>
              </value>
            </param>
          </params>
          <reporter-output>
          </reporter-output>
        </test-method> <!-- teardownMethod -->
      </class> <!-- tests.KaterinaSprint2 -->
    </test> <!-- Edge Test -->
    <test name="Chrome Test" duration-ms="207371" started-at="2021-01-21T14:56:38 EST" finished-at="2021-01-21T15:00:05 EST">
      <class name="tests.KaterinaSprint2">
        <test-method status="PASS" signature="setupMethod(java.lang.String)[pri:0, instance:tests.KaterinaSprint2@768b970c]" name="setupMethod" is-config="true" duration-ms="26320" started-at="2021-01-21T14:56:38 EST" finished-at="2021-01-21T14:57:04 EST">
          <params>
            <param index="0">
              <value>
                <![CDATA[chrome]]>
              </value>
            </param>
          </params>
          <reporter-output>
          </reporter-output>
        </test-method> <!-- setupMethod -->
        <test-method status="PASS" signature="cityFullNameBookingPage(java.lang.String, java.lang.String, java.lang.String, java.lang.String, java.lang.String, java.lang.String)[pri:0, instance:tests.KaterinaSprint2@768b970c]" name="cityFullNameBookingPage" duration-ms="4652" started-at="2021-01-21T14:57:04 EST" data-provider="getCity" finished-at="2021-01-21T14:57:09 EST">
          <params>
            <param index="0">
              <value>
                <![CDATA[Atlanta]]>
              </value>
            </param>
            <param index="1">
              <value>
                <![CDATA[Atlanta]]>
              </value>
            </param>
            <param index="2">
              <value>
                <![CDATA[Washington]]>
              </value>
            </param>
            <param index="3">
              <value>
                <![CDATA[Washington]]>
              </value>
            </param>
            <param index="4">
              <value>
                <![CDATA[Atlanta]]>
              </value>
            </param>
            <param index="5">
              <value>
                <![CDATA[Washington]]>
              </value>
            </param>
          </params>
          <reporter-output>
          </reporter-output>
        </test-method> <!-- cityFullNameBookingPage -->
        <test-method status="PASS" signature="teardownMethod(org.testng.ITestResult)[pri:0, instance:tests.KaterinaSprint2@768b970c]" name="teardownMethod" is-config="true" duration-ms="1268" started-at="2021-01-21T14:57:09 EST" finished-at="2021-01-21T14:57:10 EST">
          <params>
            <param index="0">
              <value>
                <![CDATA[[TestResult name=cityFullNameBookingPage status=SUCCESS method=KaterinaSprint2.cityFullNameBookingPage(java.lang.String, java.lang.String, java.lang.String, java.lang.String, java.lang.String, java.lang.String)[pri:0, instance:tests.KaterinaSprint2@768b970c] output={null}]]]>
              </value>
            </param>
          </params>
          <reporter-output>
          </reporter-output>
        </test-method> <!-- teardownMethod -->
        <test-method status="PASS" signature="setupMethod(java.lang.String)[pri:0, instance:tests.KaterinaSprint2@768b970c]" name="setupMethod" is-config="true" duration-ms="14107" started-at="2021-01-21T14:57:10 EST" finished-at="2021-01-21T14:57:24 EST">
          <params>
            <param index="0">
              <value>
                <![CDATA[chrome]]>
              </value>
            </param>
          </params>
          <reporter-output>
          </reporter-output>
        </test-method> <!-- setupMethod -->
        <test-method status="PASS" signature="datesBookingPage(java.lang.String, java.lang.String, java.lang.String, java.lang.String, java.lang.String, java.lang.String, java.lang.String, java.lang.String)[pri:0, instance:tests.KaterinaSprint2@768b970c]" name="datesBookingPage" duration-ms="14883" started-at="2021-01-21T14:57:24 EST" data-provider="getDates" finished-at="2021-01-21T14:57:39 EST">
          <params>
            <param index="0">
              <value>
                <![CDATA[ATL]]>
              </value>
            </param>
            <param index="1">
              <value>
                <![CDATA[IAD]]>
              </value>
            </param>
            <param index="2">
              <value>
                <![CDATA[February]]>
              </value>
            </param>
            <param index="3">
              <value>
                <![CDATA[February]]>
              </value>
            </param>
            <param index="4">
              <value>
                <![CDATA[1 ]]>
              </value>
            </param>
            <param index="5">
              <value>
                <![CDATA[March]]>
              </value>
            </param>
            <param index="6">
              <value>
                <![CDATA[March]]>
              </value>
            </param>
            <param index="7">
              <value>
                <![CDATA[1 ]]>
              </value>
            </param>
          </params>
          <reporter-output>
          </reporter-output>
        </test-method> <!-- datesBookingPage -->
        <test-method status="PASS" signature="teardownMethod(org.testng.ITestResult)[pri:0, instance:tests.KaterinaSprint2@768b970c]" name="teardownMethod" is-config="true" duration-ms="876" started-at="2021-01-21T14:57:39 EST" finished-at="2021-01-21T14:57:40 EST">
          <params>
            <param index="0">
              <value>
                <![CDATA[[TestResult name=datesBookingPage status=SUCCESS method=KaterinaSprint2.datesBookingPage(java.lang.String, java.lang.String, java.lang.String, java.lang.String, java.lang.String, java.lang.String, java.lang.String, java.lang.String)[pri:0, instance:tests.KaterinaSprint2@768b970c] output={null}]]]>
              </value>
            </param>
          </params>
          <reporter-output>
          </reporter-output>
        </test-method> <!-- teardownMethod -->
        <test-method status="PASS" signature="setupMethod(java.lang.String)[pri:0, instance:tests.KaterinaSprint2@768b970c]" name="setupMethod" is-config="true" duration-ms="12556" started-at="2021-01-21T14:57:40 EST" finished-at="2021-01-21T14:57:52 EST">
          <params>
            <param index="0">
              <value>
                <![CDATA[chrome]]>
              </value>
            </param>
          </params>
          <reporter-output>
          </reporter-output>
        </test-method> <!-- setupMethod -->
        <test-method status="PASS" signature="feedbackBookingPage()[pri:0, instance:tests.KaterinaSprint2@768b970c]" name="feedbackBookingPage" duration-ms="5668" started-at="2021-01-21T14:57:52 EST" finished-at="2021-01-21T14:57:58 EST">
          <reporter-output>
          </reporter-output>
        </test-method> <!-- feedbackBookingPage -->
        <test-method status="PASS" signature="teardownMethod(org.testng.ITestResult)[pri:0, instance:tests.KaterinaSprint2@768b970c]" name="teardownMethod" is-config="true" duration-ms="1115" started-at="2021-01-21T14:57:58 EST" finished-at="2021-01-21T14:57:59 EST">
          <params>
            <param index="0">
              <value>
                <![CDATA[[TestResult name=feedbackBookingPage status=SUCCESS method=KaterinaSprint2.feedbackBookingPage()[pri:0, instance:tests.KaterinaSprint2@768b970c] output={null}]]]>
              </value>
            </param>
          </params>
          <reporter-output>
          </reporter-output>
        </test-method> <!-- teardownMethod -->
        <test-method status="PASS" signature="setupMethod(java.lang.String)[pri:0, instance:tests.KaterinaSprint2@768b970c]" name="setupMethod" is-config="true" duration-ms="14047" started-at="2021-01-21T14:57:59 EST" finished-at="2021-01-21T14:58:13 EST">
          <params>
            <param index="0">
              <value>
                <![CDATA[chrome]]>
              </value>
            </param>
          </params>
          <reporter-output>
          </reporter-output>
        </test-method> <!-- setupMethod -->
        <test-method status="PASS" signature="modifyResultPage()[pri:0, instance:tests.KaterinaSprint2@768b970c]" name="modifyResultPage" duration-ms="33606" started-at="2021-01-21T14:58:13 EST" finished-at="2021-01-21T14:58:47 EST">
          <reporter-output>
          </reporter-output>
        </test-method> <!-- modifyResultPage -->
        <test-method status="PASS" signature="teardownMethod(org.testng.ITestResult)[pri:0, instance:tests.KaterinaSprint2@768b970c]" name="teardownMethod" is-config="true" duration-ms="840" started-at="2021-01-21T14:58:47 EST" finished-at="2021-01-21T14:58:48 EST">
          <params>
            <param index="0">
              <value>
                <![CDATA[[TestResult name=modifyResultPage status=SUCCESS method=KaterinaSprint2.modifyResultPage()[pri:0, instance:tests.KaterinaSprint2@768b970c] output={null}]]]>
              </value>
            </param>
          </params>
          <reporter-output>
          </reporter-output>
        </test-method> <!-- teardownMethod -->
        <test-method status="PASS" signature="setupMethod(java.lang.String)[pri:0, instance:tests.KaterinaSprint2@768b970c]" name="setupMethod" is-config="true" duration-ms="10793" started-at="2021-01-21T14:58:48 EST" finished-at="2021-01-21T14:58:58 EST">
          <params>
            <param index="0">
              <value>
                <![CDATA[chrome]]>
              </value>
            </param>
          </params>
          <reporter-output>
          </reporter-output>
        </test-method> <!-- setupMethod -->
        <test-method status="PASS" signature="priceSliderResultsPage()[pri:0, instance:tests.KaterinaSprint2@768b970c]" name="priceSliderResultsPage" duration-ms="29806" started-at="2021-01-21T14:58:58 EST" finished-at="2021-01-21T14:59:28 EST">
          <reporter-output>
          </reporter-output>
        </test-method> <!-- priceSliderResultsPage -->
        <test-method status="PASS" signature="teardownMethod(org.testng.ITestResult)[pri:0, instance:tests.KaterinaSprint2@768b970c]" name="teardownMethod" is-config="true" duration-ms="790" started-at="2021-01-21T14:59:28 EST" finished-at="2021-01-21T14:59:29 EST">
          <params>
            <param index="0">
              <value>
                <![CDATA[[TestResult name=priceSliderResultsPage status=SUCCESS method=KaterinaSprint2.priceSliderResultsPage()[pri:0, instance:tests.KaterinaSprint2@768b970c] output={null}]]]>
              </value>
            </param>
          </params>
          <reporter-output>
          </reporter-output>
        </test-method> <!-- teardownMethod -->
        <test-method status="PASS" signature="setupMethod(java.lang.String)[pri:0, instance:tests.KaterinaSprint2@768b970c]" name="setupMethod" is-config="true" duration-ms="10629" started-at="2021-01-21T14:59:29 EST" finished-at="2021-01-21T14:59:40 EST">
          <params>
            <param index="0">
              <value>
                <![CDATA[chrome]]>
              </value>
            </param>
          </params>
          <reporter-output>
          </reporter-output>
        </test-method> <!-- setupMethod -->
        <test-method status="PASS" signature="productExpResultsPage()[pri:0, instance:tests.KaterinaSprint2@768b970c]" name="productExpResultsPage" duration-ms="24527" started-at="2021-01-21T14:59:40 EST" finished-at="2021-01-21T15:00:04 EST">
          <reporter-output>
          </reporter-output>
        </test-method> <!-- productExpResultsPage -->
        <test-method status="PASS" signature="teardownMethod(org.testng.ITestResult)[pri:0, instance:tests.KaterinaSprint2@768b970c]" name="teardownMethod" is-config="true" duration-ms="844" started-at="2021-01-21T15:00:04 EST" finished-at="2021-01-21T15:00:05 EST">
          <params>
            <param index="0">
              <value>
                <![CDATA[[TestResult name=productExpResultsPage status=SUCCESS method=KaterinaSprint2.productExpResultsPage()[pri:0, instance:tests.KaterinaSprint2@768b970c] output={null}]]]>
              </value>
            </param>
          </params>
          <reporter-output>
          </reporter-output>
        </test-method> <!-- teardownMethod -->
      </class> <!-- tests.KaterinaSprint2 -->
    </test> <!-- Chrome Test -->
  </suite> <!-- Crossbrowser Tests -->
</testng-results>
